2023-03-30 10:56:54,907 INFO [restartedMain] com.noly.forum.ForumApplication [StartupInfoLogger.java:55] Starting ForumApplication using Java 1.8.0_362 on Noly with PID 11780 (D:\Apps_IDE\Projects\forum\target\classes started by Noly in D:\Apps_IDE\Projects\forum)
2023-03-30 10:56:54,916 INFO [restartedMain] com.noly.forum.ForumApplication [SpringApplication.java:631] No active profile set, falling back to 1 default profile: "default"
2023-03-30 10:56:54,952 INFO [restartedMain] org.springframework.boot.devtools.env.DevToolsPropertyDefaultsPostProcessor [DeferredLog.java:255] Devtools property defaults active! Set 'spring.devtools.add-properties' to 'false' to disable
2023-03-30 10:56:54,952 INFO [restartedMain] org.springframework.boot.devtools.env.DevToolsPropertyDefaultsPostProcessor [DeferredLog.java:255] For additional web related logging consider setting the 'logging.level.web' property to 'DEBUG'
2023-03-30 10:56:55,862 INFO [restartedMain] org.springframework.boot.web.embedded.tomcat.TomcatWebServer [TomcatWebServer.java:108] Tomcat initialized with port(s): 8080 (http)
2023-03-30 10:56:55,869 INFO [restartedMain] org.apache.coyote.http11.Http11NioProtocol [DirectJDKLog.java:173] Initializing ProtocolHandler ["http-nio-8080"]
2023-03-30 10:56:55,869 INFO [restartedMain] org.apache.catalina.core.StandardService [DirectJDKLog.java:173] Starting service [Tomcat]
2023-03-30 10:56:55,869 INFO [restartedMain] org.apache.catalina.core.StandardEngine [DirectJDKLog.java:173] Starting Servlet engine: [Apache Tomcat/9.0.71]
2023-03-30 10:56:55,914 INFO [restartedMain] org.apache.catalina.core.ContainerBase.[Tomcat].[localhost].[/forum] [DirectJDKLog.java:173] Initializing Spring embedded WebApplicationContext
2023-03-30 10:56:55,914 INFO [restartedMain] org.springframework.boot.web.servlet.context.ServletWebServerApplicationContext [ServletWebServerApplicationContext.java:292] Root WebApplicationContext: initialization completed in 962 ms
2023-03-30 10:56:56,297 INFO [restartedMain] org.springframework.boot.autoconfigure.web.servlet.WelcomePageHandlerMapping [WelcomePageHandlerMapping.java:57] Adding welcome page template: index
2023-03-30 10:56:56,414 INFO [restartedMain] org.springframework.boot.devtools.autoconfigure.OptionalLiveReloadServer [OptionalLiveReloadServer.java:59] LiveReload server is running on port 35729
2023-03-30 10:56:56,425 INFO [restartedMain] org.apache.coyote.http11.Http11NioProtocol [DirectJDKLog.java:173] Starting ProtocolHandler ["http-nio-8080"]
2023-03-30 10:56:56,450 INFO [restartedMain] org.springframework.boot.web.embedded.tomcat.TomcatWebServer [TomcatWebServer.java:220] Tomcat started on port(s): 8080 (http) with context path '/forum'
2023-03-30 10:56:56,468 INFO [restartedMain] com.noly.forum.ForumApplication [StartupInfoLogger.java:61] Started ForumApplication in 1.911 seconds (JVM running for 3.276)
2023-03-30 10:57:00,247 INFO [http-nio-8080-exec-3] org.apache.catalina.core.ContainerBase.[Tomcat].[localhost].[/forum] [DirectJDKLog.java:173] Initializing Spring DispatcherServlet 'dispatcherServlet'
2023-03-30 10:57:00,248 INFO [http-nio-8080-exec-3] org.springframework.web.servlet.DispatcherServlet [FrameworkServlet.java:525] Initializing Servlet 'dispatcherServlet'
2023-03-30 10:57:00,248 INFO [http-nio-8080-exec-3] org.springframework.web.servlet.DispatcherServlet [FrameworkServlet.java:547] Completed initialization in 0 ms
2023-03-30 10:57:00,301 INFO [http-nio-8080-exec-3] com.zaxxer.hikari.HikariDataSource [HikariDataSource.java:110] HikariPool-1 - Starting...
2023-03-30 10:57:00,408 INFO [http-nio-8080-exec-3] com.zaxxer.hikari.HikariDataSource [HikariDataSource.java:123] HikariPool-1 - Start completed.
2023-03-30 11:00:06,966 INFO [SpringApplicationShutdownHook] com.zaxxer.hikari.HikariDataSource [HikariDataSource.java:350] HikariPool-1 - Shutdown initiated...
2023-03-30 11:00:06,973 INFO [SpringApplicationShutdownHook] com.zaxxer.hikari.HikariDataSource [HikariDataSource.java:352] HikariPool-1 - Shutdown completed.
2023-03-30 11:00:09,528 INFO [restartedMain] com.noly.forum.ForumApplication [StartupInfoLogger.java:55] Starting ForumApplication using Java 1.8.0_362 on Noly with PID 20124 (D:\Apps_IDE\Projects\forum\target\classes started by Noly in D:\Apps_IDE\Projects\forum)
2023-03-30 11:00:09,529 INFO [restartedMain] com.noly.forum.ForumApplication [SpringApplication.java:631] No active profile set, falling back to 1 default profile: "default"
2023-03-30 11:00:09,555 INFO [restartedMain] org.springframework.boot.devtools.env.DevToolsPropertyDefaultsPostProcessor [DeferredLog.java:255] Devtools property defaults active! Set 'spring.devtools.add-properties' to 'false' to disable
2023-03-30 11:00:09,555 INFO [restartedMain] org.springframework.boot.devtools.env.DevToolsPropertyDefaultsPostProcessor [DeferredLog.java:255] For additional web related logging consider setting the 'logging.level.web' property to 'DEBUG'
2023-03-30 11:00:10,165 INFO [restartedMain] org.springframework.boot.web.embedded.tomcat.TomcatWebServer [TomcatWebServer.java:108] Tomcat initialized with port(s): 8080 (http)
2023-03-30 11:00:10,170 INFO [restartedMain] org.apache.coyote.http11.Http11NioProtocol [DirectJDKLog.java:173] Initializing ProtocolHandler ["http-nio-8080"]
2023-03-30 11:00:10,170 INFO [restartedMain] org.apache.catalina.core.StandardService [DirectJDKLog.java:173] Starting service [Tomcat]
2023-03-30 11:00:10,170 INFO [restartedMain] org.apache.catalina.core.StandardEngine [DirectJDKLog.java:173] Starting Servlet engine: [Apache Tomcat/9.0.71]
2023-03-30 11:00:10,207 INFO [restartedMain] org.apache.catalina.core.ContainerBase.[Tomcat].[localhost].[/forum] [DirectJDKLog.java:173] Initializing Spring embedded WebApplicationContext
2023-03-30 11:00:10,207 INFO [restartedMain] org.springframework.boot.web.servlet.context.ServletWebServerApplicationContext [ServletWebServerApplicationContext.java:292] Root WebApplicationContext: initialization completed in 651 ms
2023-03-30 11:00:10,527 INFO [restartedMain] org.springframework.boot.autoconfigure.web.servlet.WelcomePageHandlerMapping [WelcomePageHandlerMapping.java:57] Adding welcome page template: index
2023-03-30 11:00:10,618 INFO [restartedMain] org.springframework.boot.devtools.autoconfigure.OptionalLiveReloadServer [OptionalLiveReloadServer.java:59] LiveReload server is running on port 35729
2023-03-30 11:00:10,628 INFO [restartedMain] org.apache.coyote.http11.Http11NioProtocol [DirectJDKLog.java:173] Starting ProtocolHandler ["http-nio-8080"]
2023-03-30 11:00:10,638 INFO [restartedMain] org.springframework.boot.web.embedded.tomcat.TomcatWebServer [TomcatWebServer.java:220] Tomcat started on port(s): 8080 (http) with context path '/forum'
2023-03-30 11:00:10,645 INFO [restartedMain] com.noly.forum.ForumApplication [StartupInfoLogger.java:61] Started ForumApplication in 1.373 seconds (JVM running for 1.895)
2023-03-30 11:00:27,318 INFO [http-nio-8080-exec-1] org.apache.catalina.core.ContainerBase.[Tomcat].[localhost].[/forum] [DirectJDKLog.java:173] Initializing Spring DispatcherServlet 'dispatcherServlet'
2023-03-30 11:00:27,318 INFO [http-nio-8080-exec-1] org.springframework.web.servlet.DispatcherServlet [FrameworkServlet.java:525] Initializing Servlet 'dispatcherServlet'
2023-03-30 11:00:27,319 INFO [http-nio-8080-exec-1] org.springframework.web.servlet.DispatcherServlet [FrameworkServlet.java:547] Completed initialization in 1 ms
2023-03-30 11:00:27,356 INFO [http-nio-8080-exec-1] com.zaxxer.hikari.HikariDataSource [HikariDataSource.java:110] HikariPool-1 - Starting...
2023-03-30 11:00:27,432 INFO [http-nio-8080-exec-1] com.zaxxer.hikari.HikariDataSource [HikariDataSource.java:123] HikariPool-1 - Start completed.
2023-03-30 11:02:23,676 INFO [SpringApplicationShutdownHook] com.zaxxer.hikari.HikariDataSource [HikariDataSource.java:350] HikariPool-1 - Shutdown initiated...
2023-03-30 11:02:23,680 INFO [SpringApplicationShutdownHook] com.zaxxer.hikari.HikariDataSource [HikariDataSource.java:352] HikariPool-1 - Shutdown completed.
2023-03-30 11:02:27,383 INFO [restartedMain] com.noly.forum.ForumApplication [StartupInfoLogger.java:55] Starting ForumApplication using Java 1.8.0_362 on Noly with PID 20752 (D:\Apps_IDE\Projects\forum\target\classes started by Noly in D:\Apps_IDE\Projects\forum)
2023-03-30 11:02:27,384 INFO [restartedMain] com.noly.forum.ForumApplication [SpringApplication.java:631] No active profile set, falling back to 1 default profile: "default"
2023-03-30 11:02:27,410 INFO [restartedMain] org.springframework.boot.devtools.env.DevToolsPropertyDefaultsPostProcessor [DeferredLog.java:255] Devtools property defaults active! Set 'spring.devtools.add-properties' to 'false' to disable
2023-03-30 11:02:27,410 INFO [restartedMain] org.springframework.boot.devtools.env.DevToolsPropertyDefaultsPostProcessor [DeferredLog.java:255] For additional web related logging consider setting the 'logging.level.web' property to 'DEBUG'
2023-03-30 11:02:28,025 INFO [restartedMain] org.springframework.boot.web.embedded.tomcat.TomcatWebServer [TomcatWebServer.java:108] Tomcat initialized with port(s): 8080 (http)
2023-03-30 11:02:28,031 INFO [restartedMain] org.apache.coyote.http11.Http11NioProtocol [DirectJDKLog.java:173] Initializing ProtocolHandler ["http-nio-8080"]
2023-03-30 11:02:28,031 INFO [restartedMain] org.apache.catalina.core.StandardService [DirectJDKLog.java:173] Starting service [Tomcat]
2023-03-30 11:02:28,031 INFO [restartedMain] org.apache.catalina.core.StandardEngine [DirectJDKLog.java:173] Starting Servlet engine: [Apache Tomcat/9.0.71]
2023-03-30 11:02:28,070 INFO [restartedMain] org.apache.catalina.core.ContainerBase.[Tomcat].[localhost].[/forum] [DirectJDKLog.java:173] Initializing Spring embedded WebApplicationContext
2023-03-30 11:02:28,070 INFO [restartedMain] org.springframework.boot.web.servlet.context.ServletWebServerApplicationContext [ServletWebServerApplicationContext.java:292] Root WebApplicationContext: initialization completed in 659 ms
2023-03-30 11:02:28,371 INFO [restartedMain] org.springframework.boot.autoconfigure.web.servlet.WelcomePageHandlerMapping [WelcomePageHandlerMapping.java:57] Adding welcome page template: index
2023-03-30 11:02:28,459 INFO [restartedMain] org.springframework.boot.devtools.autoconfigure.OptionalLiveReloadServer [OptionalLiveReloadServer.java:59] LiveReload server is running on port 35729
2023-03-30 11:02:28,468 INFO [restartedMain] org.apache.coyote.http11.Http11NioProtocol [DirectJDKLog.java:173] Starting ProtocolHandler ["http-nio-8080"]
2023-03-30 11:02:28,478 INFO [restartedMain] org.springframework.boot.web.embedded.tomcat.TomcatWebServer [TomcatWebServer.java:220] Tomcat started on port(s): 8080 (http) with context path '/forum'
2023-03-30 11:02:28,485 INFO [restartedMain] com.noly.forum.ForumApplication [StartupInfoLogger.java:61] Started ForumApplication in 1.349 seconds (JVM running for 1.88)
2023-03-30 11:02:43,042 INFO [http-nio-8080-exec-1] org.apache.catalina.core.ContainerBase.[Tomcat].[localhost].[/forum] [DirectJDKLog.java:173] Initializing Spring DispatcherServlet 'dispatcherServlet'
2023-03-30 11:02:43,042 INFO [http-nio-8080-exec-1] org.springframework.web.servlet.DispatcherServlet [FrameworkServlet.java:525] Initializing Servlet 'dispatcherServlet'
2023-03-30 11:02:43,043 INFO [http-nio-8080-exec-1] org.springframework.web.servlet.DispatcherServlet [FrameworkServlet.java:547] Completed initialization in 1 ms
2023-03-30 11:02:52,403 INFO [http-nio-8080-exec-4] com.zaxxer.hikari.HikariDataSource [HikariDataSource.java:110] HikariPool-1 - Starting...
2023-03-30 11:02:52,554 INFO [http-nio-8080-exec-4] com.zaxxer.hikari.HikariDataSource [HikariDataSource.java:123] HikariPool-1 - Start completed.
2023-03-30 11:07:52,421 INFO [SpringApplicationShutdownHook] com.zaxxer.hikari.HikariDataSource [HikariDataSource.java:350] HikariPool-1 - Shutdown initiated...
2023-03-30 11:07:52,428 INFO [SpringApplicationShutdownHook] com.zaxxer.hikari.HikariDataSource [HikariDataSource.java:352] HikariPool-1 - Shutdown completed.
2023-03-30 15:32:49,093 INFO [restartedMain] com.noly.forum.ForumApplication [StartupInfoLogger.java:55] Starting ForumApplication using Java 1.8.0_362 on Noly with PID 2176 (D:\Apps_IDE\Projects\forum\target\classes started by Noly in D:\Apps_IDE\Projects\forum)
2023-03-30 15:32:49,094 INFO [restartedMain] com.noly.forum.ForumApplication [SpringApplication.java:631] No active profile set, falling back to 1 default profile: "default"
2023-03-30 15:32:49,121 INFO [restartedMain] org.springframework.boot.devtools.env.DevToolsPropertyDefaultsPostProcessor [DeferredLog.java:255] Devtools property defaults active! Set 'spring.devtools.add-properties' to 'false' to disable
2023-03-30 15:32:49,121 INFO [restartedMain] org.springframework.boot.devtools.env.DevToolsPropertyDefaultsPostProcessor [DeferredLog.java:255] For additional web related logging consider setting the 'logging.level.web' property to 'DEBUG'
2023-03-30 15:32:49,743 INFO [restartedMain] org.springframework.boot.web.embedded.tomcat.TomcatWebServer [TomcatWebServer.java:108] Tomcat initialized with port(s): 8080 (http)
2023-03-30 15:32:49,749 INFO [restartedMain] org.apache.coyote.http11.Http11NioProtocol [DirectJDKLog.java:173] Initializing ProtocolHandler ["http-nio-8080"]
2023-03-30 15:32:49,750 INFO [restartedMain] org.apache.catalina.core.StandardService [DirectJDKLog.java:173] Starting service [Tomcat]
2023-03-30 15:32:49,750 INFO [restartedMain] org.apache.catalina.core.StandardEngine [DirectJDKLog.java:173] Starting Servlet engine: [Apache Tomcat/9.0.71]
2023-03-30 15:32:49,800 INFO [restartedMain] org.apache.catalina.core.ContainerBase.[Tomcat].[localhost].[/forum] [DirectJDKLog.java:173] Initializing Spring embedded WebApplicationContext
2023-03-30 15:32:49,800 INFO [restartedMain] org.springframework.boot.web.servlet.context.ServletWebServerApplicationContext [ServletWebServerApplicationContext.java:292] Root WebApplicationContext: initialization completed in 679 ms
2023-03-30 15:32:50,109 INFO [restartedMain] org.springframework.boot.autoconfigure.web.servlet.WelcomePageHandlerMapping [WelcomePageHandlerMapping.java:57] Adding welcome page template: index
2023-03-30 15:32:50,198 INFO [restartedMain] org.springframework.boot.devtools.autoconfigure.OptionalLiveReloadServer [OptionalLiveReloadServer.java:59] LiveReload server is running on port 35729
2023-03-30 15:32:50,207 INFO [restartedMain] org.apache.coyote.http11.Http11NioProtocol [DirectJDKLog.java:173] Starting ProtocolHandler ["http-nio-8080"]
2023-03-30 15:32:50,218 INFO [restartedMain] org.springframework.boot.web.embedded.tomcat.TomcatWebServer [TomcatWebServer.java:220] Tomcat started on port(s): 8080 (http) with context path '/forum'
2023-03-30 15:32:50,225 INFO [restartedMain] com.noly.forum.ForumApplication [StartupInfoLogger.java:61] Started ForumApplication in 1.39 seconds (JVM running for 1.915)
2023-03-30 15:33:21,536 INFO [http-nio-8080-exec-1] org.apache.catalina.core.ContainerBase.[Tomcat].[localhost].[/forum] [DirectJDKLog.java:173] Initializing Spring DispatcherServlet 'dispatcherServlet'
2023-03-30 15:33:21,537 INFO [http-nio-8080-exec-1] org.springframework.web.servlet.DispatcherServlet [FrameworkServlet.java:525] Initializing Servlet 'dispatcherServlet'
2023-03-30 15:33:21,537 INFO [http-nio-8080-exec-1] org.springframework.web.servlet.DispatcherServlet [FrameworkServlet.java:547] Completed initialization in 0 ms
2023-03-30 15:35:18,421 INFO [http-nio-8080-exec-5] com.zaxxer.hikari.HikariDataSource [HikariDataSource.java:110] HikariPool-1 - Starting...
2023-03-30 15:35:18,579 INFO [http-nio-8080-exec-5] com.zaxxer.hikari.HikariDataSource [HikariDataSource.java:123] HikariPool-1 - Start completed.
2023-03-30 15:36:32,225 INFO [File Watcher] org.springframework.boot.devtools.autoconfigure.LocalDevToolsAutoConfiguration$RestartingClassPathChangeChangedEventListener [LocalDevToolsAutoConfiguration.java:211] Restarting due to 1 class path change (0 additions, 1 deletion, 0 modifications)
2023-03-30 15:36:32,393 INFO [Thread-8] org.apache.coyote.http11.Http11NioProtocol [DirectJDKLog.java:173] Pausing ProtocolHandler ["http-nio-8080"]
2023-03-30 15:36:32,394 INFO [Thread-8] org.apache.catalina.core.StandardService [DirectJDKLog.java:173] Stopping service [Tomcat]
2023-03-30 15:36:32,395 INFO [Thread-8] org.apache.catalina.core.ContainerBase.[Tomcat].[localhost].[/forum] [DirectJDKLog.java:173] Destroying Spring FrameworkServlet 'dispatcherServlet'
2023-03-30 15:36:32,401 INFO [Thread-8] org.apache.coyote.http11.Http11NioProtocol [DirectJDKLog.java:173] Stopping ProtocolHandler ["http-nio-8080"]
2023-03-30 15:36:32,403 INFO [Thread-8] org.apache.coyote.http11.Http11NioProtocol [DirectJDKLog.java:173] Destroying ProtocolHandler ["http-nio-8080"]
2023-03-30 15:36:32,406 INFO [Thread-8] com.zaxxer.hikari.HikariDataSource [HikariDataSource.java:350] HikariPool-1 - Shutdown initiated...
2023-03-30 15:36:32,409 INFO [Thread-8] com.zaxxer.hikari.HikariDataSource [HikariDataSource.java:352] HikariPool-1 - Shutdown completed.
2023-03-30 15:36:32,534 INFO [restartedMain] com.noly.forum.ForumApplication [StartupInfoLogger.java:55] Starting ForumApplication using Java 1.8.0_362 on Noly with PID 2176 (D:\Apps_IDE\Projects\forum\target\classes started by Noly in D:\Apps_IDE\Projects\forum)
2023-03-30 15:36:32,535 INFO [restartedMain] com.noly.forum.ForumApplication [SpringApplication.java:631] No active profile set, falling back to 1 default profile: "default"
2023-03-30 15:36:32,699 INFO [restartedMain] org.springframework.boot.web.embedded.tomcat.TomcatWebServer [TomcatWebServer.java:108] Tomcat initialized with port(s): 8080 (http)
2023-03-30 15:36:32,700 INFO [restartedMain] org.apache.coyote.http11.Http11NioProtocol [DirectJDKLog.java:173] Initializing ProtocolHandler ["http-nio-8080"]
2023-03-30 15:36:32,700 INFO [restartedMain] org.apache.catalina.core.StandardService [DirectJDKLog.java:173] Starting service [Tomcat]
2023-03-30 15:36:32,700 INFO [restartedMain] org.apache.catalina.core.StandardEngine [DirectJDKLog.java:173] Starting Servlet engine: [Apache Tomcat/9.0.71]
2023-03-30 15:36:32,711 INFO [restartedMain] org.apache.catalina.core.ContainerBase.[Tomcat].[localhost].[/forum] [DirectJDKLog.java:173] Initializing Spring embedded WebApplicationContext
2023-03-30 15:36:32,711 INFO [restartedMain] org.springframework.boot.web.servlet.context.ServletWebServerApplicationContext [ServletWebServerApplicationContext.java:292] Root WebApplicationContext: initialization completed in 174 ms
2023-03-30 15:36:32,784 INFO [restartedMain] org.springframework.boot.autoconfigure.web.servlet.WelcomePageHandlerMapping [WelcomePageHandlerMapping.java:57] Adding welcome page template: index
2023-03-30 15:36:32,807 INFO [restartedMain] org.springframework.boot.devtools.autoconfigure.OptionalLiveReloadServer [OptionalLiveReloadServer.java:59] LiveReload server is running on port 35729
2023-03-30 15:36:32,812 INFO [restartedMain] org.apache.coyote.http11.Http11NioProtocol [DirectJDKLog.java:173] Starting ProtocolHandler ["http-nio-8080"]
2023-03-30 15:36:32,814 INFO [restartedMain] org.springframework.boot.web.embedded.tomcat.TomcatWebServer [TomcatWebServer.java:220] Tomcat started on port(s): 8080 (http) with context path '/forum'
2023-03-30 15:36:32,817 INFO [restartedMain] com.noly.forum.ForumApplication [StartupInfoLogger.java:61] Started ForumApplication in 0.309 seconds (JVM running for 224.507)
2023-03-30 15:36:32,818 INFO [restartedMain] org.springframework.boot.devtools.autoconfigure.ConditionEvaluationDeltaLoggingListener [ConditionEvaluationDeltaLoggingListener.java:63] Condition evaluation unchanged
2023-03-30 15:36:34,225 INFO [File Watcher] org.springframework.boot.devtools.autoconfigure.LocalDevToolsAutoConfiguration$RestartingClassPathChangeChangedEventListener [LocalDevToolsAutoConfiguration.java:211] Restarting due to 1 class path change (1 addition, 0 deletions, 0 modifications)
2023-03-30 15:36:34,374 INFO [Thread-14] org.apache.coyote.http11.Http11NioProtocol [DirectJDKLog.java:173] Pausing ProtocolHandler ["http-nio-8080"]
2023-03-30 15:36:34,375 INFO [Thread-14] org.apache.catalina.core.StandardService [DirectJDKLog.java:173] Stopping service [Tomcat]
2023-03-30 15:36:34,377 INFO [Thread-14] org.apache.coyote.http11.Http11NioProtocol [DirectJDKLog.java:173] Stopping ProtocolHandler ["http-nio-8080"]
2023-03-30 15:36:34,380 INFO [Thread-14] org.apache.coyote.http11.Http11NioProtocol [DirectJDKLog.java:173] Destroying ProtocolHandler ["http-nio-8080"]
2023-03-30 15:36:34,485 INFO [restartedMain] com.noly.forum.ForumApplication [StartupInfoLogger.java:55] Starting ForumApplication using Java 1.8.0_362 on Noly with PID 2176 (D:\Apps_IDE\Projects\forum\target\classes started by Noly in D:\Apps_IDE\Projects\forum)
2023-03-30 15:36:34,485 INFO [restartedMain] com.noly.forum.ForumApplication [SpringApplication.java:631] No active profile set, falling back to 1 default profile: "default"
2023-03-30 15:36:34,615 INFO [restartedMain] org.springframework.boot.web.embedded.tomcat.TomcatWebServer [TomcatWebServer.java:108] Tomcat initialized with port(s): 8080 (http)
2023-03-30 15:36:34,616 INFO [restartedMain] org.apache.coyote.http11.Http11NioProtocol [DirectJDKLog.java:173] Initializing ProtocolHandler ["http-nio-8080"]
2023-03-30 15:36:34,616 INFO [restartedMain] org.apache.catalina.core.StandardService [DirectJDKLog.java:173] Starting service [Tomcat]
2023-03-30 15:36:34,616 INFO [restartedMain] org.apache.catalina.core.StandardEngine [DirectJDKLog.java:173] Starting Servlet engine: [Apache Tomcat/9.0.71]
2023-03-30 15:36:34,635 INFO [restartedMain] org.apache.catalina.core.ContainerBase.[Tomcat].[localhost].[/forum] [DirectJDKLog.java:173] Initializing Spring embedded WebApplicationContext
2023-03-30 15:36:34,635 INFO [restartedMain] org.springframework.boot.web.servlet.context.ServletWebServerApplicationContext [ServletWebServerApplicationContext.java:292] Root WebApplicationContext: initialization completed in 148 ms
2023-03-30 15:36:34,696 INFO [restartedMain] org.springframework.boot.autoconfigure.web.servlet.WelcomePageHandlerMapping [WelcomePageHandlerMapping.java:57] Adding welcome page template: index
2023-03-30 15:36:34,716 INFO [restartedMain] org.springframework.boot.devtools.autoconfigure.OptionalLiveReloadServer [OptionalLiveReloadServer.java:59] LiveReload server is running on port 35729
2023-03-30 15:36:34,721 INFO [restartedMain] org.apache.coyote.http11.Http11NioProtocol [DirectJDKLog.java:173] Starting ProtocolHandler ["http-nio-8080"]
2023-03-30 15:36:34,722 INFO [restartedMain] org.springframework.boot.web.embedded.tomcat.TomcatWebServer [TomcatWebServer.java:220] Tomcat started on port(s): 8080 (http) with context path '/forum'
2023-03-30 15:36:34,725 INFO [restartedMain] com.noly.forum.ForumApplication [StartupInfoLogger.java:61] Started ForumApplication in 0.26 seconds (JVM running for 226.415)
2023-03-30 15:36:34,726 INFO [restartedMain] org.springframework.boot.devtools.autoconfigure.ConditionEvaluationDeltaLoggingListener [ConditionEvaluationDeltaLoggingListener.java:63] Condition evaluation unchanged
2023-03-30 15:36:49,591 INFO [http-nio-8080-exec-1] org.apache.catalina.core.ContainerBase.[Tomcat].[localhost].[/forum] [DirectJDKLog.java:173] Initializing Spring DispatcherServlet 'dispatcherServlet'
2023-03-30 15:36:49,592 INFO [http-nio-8080-exec-1] org.springframework.web.servlet.DispatcherServlet [FrameworkServlet.java:525] Initializing Servlet 'dispatcherServlet'
2023-03-30 15:36:49,593 INFO [http-nio-8080-exec-1] org.springframework.web.servlet.DispatcherServlet [FrameworkServlet.java:547] Completed initialization in 1 ms
2023-03-30 15:38:55,450 INFO [File Watcher] org.springframework.boot.devtools.autoconfigure.LocalDevToolsAutoConfiguration$RestartingClassPathChangeChangedEventListener [LocalDevToolsAutoConfiguration.java:211] Restarting due to 1 class path change (0 additions, 1 deletion, 0 modifications)
2023-03-30 15:38:55,634 INFO [Thread-18] org.apache.coyote.http11.Http11NioProtocol [DirectJDKLog.java:173] Pausing ProtocolHandler ["http-nio-8080"]
2023-03-30 15:38:55,634 INFO [Thread-18] org.apache.catalina.core.StandardService [DirectJDKLog.java:173] Stopping service [Tomcat]
2023-03-30 15:38:55,635 INFO [Thread-18] org.apache.catalina.core.ContainerBase.[Tomcat].[localhost].[/forum] [DirectJDKLog.java:173] Destroying Spring FrameworkServlet 'dispatcherServlet'
2023-03-30 15:38:55,638 INFO [Thread-18] org.apache.coyote.http11.Http11NioProtocol [DirectJDKLog.java:173] Stopping ProtocolHandler ["http-nio-8080"]
2023-03-30 15:38:55,640 INFO [Thread-18] org.apache.coyote.http11.Http11NioProtocol [DirectJDKLog.java:173] Destroying ProtocolHandler ["http-nio-8080"]
2023-03-30 15:38:55,781 INFO [restartedMain] com.noly.forum.ForumApplication [StartupInfoLogger.java:55] Starting ForumApplication using Java 1.8.0_362 on Noly with PID 2176 (D:\Apps_IDE\Projects\forum\target\classes started by Noly in D:\Apps_IDE\Projects\forum)
2023-03-30 15:38:55,781 INFO [restartedMain] com.noly.forum.ForumApplication [SpringApplication.java:631] No active profile set, falling back to 1 default profile: "default"
2023-03-30 15:38:55,929 INFO [restartedMain] org.springframework.boot.web.embedded.tomcat.TomcatWebServer [TomcatWebServer.java:108] Tomcat initialized with port(s): 8080 (http)
2023-03-30 15:38:55,930 INFO [restartedMain] org.apache.coyote.http11.Http11NioProtocol [DirectJDKLog.java:173] Initializing ProtocolHandler ["http-nio-8080"]
2023-03-30 15:38:55,930 INFO [restartedMain] org.apache.catalina.core.StandardService [DirectJDKLog.java:173] Starting service [Tomcat]
2023-03-30 15:38:55,930 INFO [restartedMain] org.apache.catalina.core.StandardEngine [DirectJDKLog.java:173] Starting Servlet engine: [Apache Tomcat/9.0.71]
2023-03-30 15:38:55,939 INFO [restartedMain] org.apache.catalina.core.ContainerBase.[Tomcat].[localhost].[/forum] [DirectJDKLog.java:173] Initializing Spring embedded WebApplicationContext
2023-03-30 15:38:55,939 INFO [restartedMain] org.springframework.boot.web.servlet.context.ServletWebServerApplicationContext [ServletWebServerApplicationContext.java:292] Root WebApplicationContext: initialization completed in 156 ms
2023-03-30 15:38:56,004 INFO [restartedMain] org.springframework.boot.autoconfigure.web.servlet.WelcomePageHandlerMapping [WelcomePageHandlerMapping.java:57] Adding welcome page template: index
2023-03-30 15:38:56,030 INFO [restartedMain] org.springframework.boot.devtools.autoconfigure.OptionalLiveReloadServer [OptionalLiveReloadServer.java:59] LiveReload server is running on port 35729
2023-03-30 15:38:56,035 INFO [restartedMain] org.apache.coyote.http11.Http11NioProtocol [DirectJDKLog.java:173] Starting ProtocolHandler ["http-nio-8080"]
2023-03-30 15:38:56,037 INFO [restartedMain] org.springframework.boot.web.embedded.tomcat.TomcatWebServer [TomcatWebServer.java:220] Tomcat started on port(s): 8080 (http) with context path '/forum'
2023-03-30 15:38:56,040 INFO [restartedMain] com.noly.forum.ForumApplication [StartupInfoLogger.java:61] Started ForumApplication in 0.29 seconds (JVM running for 367.73)
2023-03-30 15:38:56,041 INFO [restartedMain] org.springframework.boot.devtools.autoconfigure.ConditionEvaluationDeltaLoggingListener [ConditionEvaluationDeltaLoggingListener.java:63] Condition evaluation unchanged
2023-03-30 15:38:57,449 INFO [File Watcher] org.springframework.boot.devtools.autoconfigure.LocalDevToolsAutoConfiguration$RestartingClassPathChangeChangedEventListener [LocalDevToolsAutoConfiguration.java:211] Restarting due to 1 class path change (1 addition, 0 deletions, 0 modifications)
2023-03-30 15:38:57,597 INFO [Thread-22] org.apache.coyote.http11.Http11NioProtocol [DirectJDKLog.java:173] Pausing ProtocolHandler ["http-nio-8080"]
2023-03-30 15:38:57,597 INFO [Thread-22] org.apache.catalina.core.StandardService [DirectJDKLog.java:173] Stopping service [Tomcat]
2023-03-30 15:38:57,600 INFO [Thread-22] org.apache.coyote.http11.Http11NioProtocol [DirectJDKLog.java:173] Stopping ProtocolHandler ["http-nio-8080"]
2023-03-30 15:38:57,602 INFO [Thread-22] org.apache.coyote.http11.Http11NioProtocol [DirectJDKLog.java:173] Destroying ProtocolHandler ["http-nio-8080"]
2023-03-30 15:38:57,725 INFO [restartedMain] com.noly.forum.ForumApplication [StartupInfoLogger.java:55] Starting ForumApplication using Java 1.8.0_362 on Noly with PID 2176 (D:\Apps_IDE\Projects\forum\target\classes started by Noly in D:\Apps_IDE\Projects\forum)
2023-03-30 15:38:57,727 INFO [restartedMain] com.noly.forum.ForumApplication [SpringApplication.java:631] No active profile set, falling back to 1 default profile: "default"
2023-03-30 15:38:57,891 INFO [restartedMain] org.springframework.boot.web.embedded.tomcat.TomcatWebServer [TomcatWebServer.java:108] Tomcat initialized with port(s): 8080 (http)
2023-03-30 15:38:57,891 INFO [restartedMain] org.apache.coyote.http11.Http11NioProtocol [DirectJDKLog.java:173] Initializing ProtocolHandler ["http-nio-8080"]
2023-03-30 15:38:57,891 INFO [restartedMain] org.apache.catalina.core.StandardService [DirectJDKLog.java:173] Starting service [Tomcat]
2023-03-30 15:38:57,892 INFO [restartedMain] org.apache.catalina.core.StandardEngine [DirectJDKLog.java:173] Starting Servlet engine: [Apache Tomcat/9.0.71]
2023-03-30 15:38:57,899 INFO [restartedMain] org.apache.catalina.core.ContainerBase.[Tomcat].[localhost].[/forum] [DirectJDKLog.java:173] Initializing Spring embedded WebApplicationContext
2023-03-30 15:38:57,899 INFO [restartedMain] org.springframework.boot.web.servlet.context.ServletWebServerApplicationContext [ServletWebServerApplicationContext.java:292] Root WebApplicationContext: initialization completed in 170 ms
2023-03-30 15:38:57,954 INFO [restartedMain] org.springframework.boot.autoconfigure.web.servlet.WelcomePageHandlerMapping [WelcomePageHandlerMapping.java:57] Adding welcome page template: index
2023-03-30 15:38:57,975 INFO [restartedMain] org.springframework.boot.devtools.autoconfigure.OptionalLiveReloadServer [OptionalLiveReloadServer.java:59] LiveReload server is running on port 35729
2023-03-30 15:38:57,979 INFO [restartedMain] org.apache.coyote.http11.Http11NioProtocol [DirectJDKLog.java:173] Starting ProtocolHandler ["http-nio-8080"]
2023-03-30 15:38:57,980 INFO [restartedMain] org.springframework.boot.web.embedded.tomcat.TomcatWebServer [TomcatWebServer.java:220] Tomcat started on port(s): 8080 (http) with context path '/forum'
2023-03-30 15:38:57,982 INFO [restartedMain] com.noly.forum.ForumApplication [StartupInfoLogger.java:61] Started ForumApplication in 0.291 seconds (JVM running for 369.672)
2023-03-30 15:38:57,983 INFO [restartedMain] org.springframework.boot.devtools.autoconfigure.ConditionEvaluationDeltaLoggingListener [ConditionEvaluationDeltaLoggingListener.java:63] Condition evaluation unchanged
2023-03-30 15:39:05,391 INFO [restartedMain] com.noly.forum.ForumApplication [StartupInfoLogger.java:55] Starting ForumApplication using Java 1.8.0_362 on Noly with PID 10120 (D:\Apps_IDE\Projects\forum\target\classes started by Noly in D:\Apps_IDE\Projects\forum)
2023-03-30 15:39:05,392 INFO [restartedMain] com.noly.forum.ForumApplication [SpringApplication.java:631] No active profile set, falling back to 1 default profile: "default"
2023-03-30 15:39:05,418 INFO [restartedMain] org.springframework.boot.devtools.env.DevToolsPropertyDefaultsPostProcessor [DeferredLog.java:255] Devtools property defaults active! Set 'spring.devtools.add-properties' to 'false' to disable
2023-03-30 15:39:05,419 INFO [restartedMain] org.springframework.boot.devtools.env.DevToolsPropertyDefaultsPostProcessor [DeferredLog.java:255] For additional web related logging consider setting the 'logging.level.web' property to 'DEBUG'
2023-03-30 15:39:06,091 INFO [restartedMain] org.springframework.boot.web.embedded.tomcat.TomcatWebServer [TomcatWebServer.java:108] Tomcat initialized with port(s): 8080 (http)
2023-03-30 15:39:06,096 INFO [restartedMain] org.apache.coyote.http11.Http11NioProtocol [DirectJDKLog.java:173] Initializing ProtocolHandler ["http-nio-8080"]
2023-03-30 15:39:06,097 INFO [restartedMain] org.apache.catalina.core.StandardService [DirectJDKLog.java:173] Starting service [Tomcat]
2023-03-30 15:39:06,097 INFO [restartedMain] org.apache.catalina.core.StandardEngine [DirectJDKLog.java:173] Starting Servlet engine: [Apache Tomcat/9.0.71]
2023-03-30 15:39:06,142 INFO [restartedMain] org.apache.catalina.core.ContainerBase.[Tomcat].[localhost].[/forum] [DirectJDKLog.java:173] Initializing Spring embedded WebApplicationContext
2023-03-30 15:39:06,142 INFO [restartedMain] org.springframework.boot.web.servlet.context.ServletWebServerApplicationContext [ServletWebServerApplicationContext.java:292] Root WebApplicationContext: initialization completed in 723 ms
2023-03-30 15:39:06,569 INFO [restartedMain] org.springframework.boot.autoconfigure.web.servlet.WelcomePageHandlerMapping [WelcomePageHandlerMapping.java:57] Adding welcome page template: index
2023-03-30 15:39:06,669 INFO [restartedMain] org.springframework.boot.devtools.autoconfigure.OptionalLiveReloadServer [OptionalLiveReloadServer.java:59] LiveReload server is running on port 35729
2023-03-30 15:39:06,680 INFO [restartedMain] org.apache.coyote.http11.Http11NioProtocol [DirectJDKLog.java:173] Starting ProtocolHandler ["http-nio-8080"]
2023-03-30 15:39:06,692 INFO [restartedMain] org.springframework.boot.web.embedded.tomcat.TomcatWebServer [TomcatWebServer.java:220] Tomcat started on port(s): 8080 (http) with context path '/forum'
2023-03-30 15:39:06,699 INFO [restartedMain] com.noly.forum.ForumApplication [StartupInfoLogger.java:61] Started ForumApplication in 1.635 seconds (JVM running for 2.228)
2023-03-30 15:39:17,145 INFO [http-nio-8080-exec-1] org.apache.catalina.core.ContainerBase.[Tomcat].[localhost].[/forum] [DirectJDKLog.java:173] Initializing Spring DispatcherServlet 'dispatcherServlet'
2023-03-30 15:39:17,145 INFO [http-nio-8080-exec-1] org.springframework.web.servlet.DispatcherServlet [FrameworkServlet.java:525] Initializing Servlet 'dispatcherServlet'
2023-03-30 15:39:17,146 INFO [http-nio-8080-exec-1] org.springframework.web.servlet.DispatcherServlet [FrameworkServlet.java:547] Completed initialization in 1 ms
2023-03-30 15:48:34,967 INFO [File Watcher] org.springframework.boot.devtools.autoconfigure.LocalDevToolsAutoConfiguration$RestartingClassPathChangeChangedEventListener [LocalDevToolsAutoConfiguration.java:211] Restarting due to 1 class path change (0 additions, 1 deletion, 0 modifications)
2023-03-30 15:48:35,127 INFO [Thread-8] org.apache.coyote.http11.Http11NioProtocol [DirectJDKLog.java:173] Pausing ProtocolHandler ["http-nio-8080"]
2023-03-30 15:48:35,127 INFO [Thread-8] org.apache.catalina.core.StandardService [DirectJDKLog.java:173] Stopping service [Tomcat]
2023-03-30 15:48:35,128 INFO [Thread-8] org.apache.catalina.core.ContainerBase.[Tomcat].[localhost].[/forum] [DirectJDKLog.java:173] Destroying Spring FrameworkServlet 'dispatcherServlet'
2023-03-30 15:48:35,130 INFO [Thread-8] org.apache.coyote.http11.Http11NioProtocol [DirectJDKLog.java:173] Stopping ProtocolHandler ["http-nio-8080"]
2023-03-30 15:48:35,131 INFO [Thread-8] org.apache.coyote.http11.Http11NioProtocol [DirectJDKLog.java:173] Destroying ProtocolHandler ["http-nio-8080"]
2023-03-30 15:48:35,224 INFO [restartedMain] com.noly.forum.ForumApplication [StartupInfoLogger.java:55] Starting ForumApplication using Java 1.8.0_362 on Noly with PID 10120 (D:\Apps_IDE\Projects\forum\target\classes started by Noly in D:\Apps_IDE\Projects\forum)
2023-03-30 15:48:35,224 INFO [restartedMain] com.noly.forum.ForumApplication [SpringApplication.java:631] No active profile set, falling back to 1 default profile: "default"
2023-03-30 15:48:35,370 INFO [restartedMain] org.springframework.boot.web.embedded.tomcat.TomcatWebServer [TomcatWebServer.java:108] Tomcat initialized with port(s): 8080 (http)
2023-03-30 15:48:35,371 INFO [restartedMain] org.apache.coyote.http11.Http11NioProtocol [DirectJDKLog.java:173] Initializing ProtocolHandler ["http-nio-8080"]
2023-03-30 15:48:35,371 INFO [restartedMain] org.apache.catalina.core.StandardService [DirectJDKLog.java:173] Starting service [Tomcat]
2023-03-30 15:48:35,371 INFO [restartedMain] org.apache.catalina.core.StandardEngine [DirectJDKLog.java:173] Starting Servlet engine: [Apache Tomcat/9.0.71]
2023-03-30 15:48:35,379 INFO [restartedMain] org.apache.catalina.core.ContainerBase.[Tomcat].[localhost].[/forum] [DirectJDKLog.java:173] Initializing Spring embedded WebApplicationContext
2023-03-30 15:48:35,379 INFO [restartedMain] org.springframework.boot.web.servlet.context.ServletWebServerApplicationContext [ServletWebServerApplicationContext.java:292] Root WebApplicationContext: initialization completed in 153 ms
2023-03-30 15:48:35,447 INFO [restartedMain] org.springframework.boot.autoconfigure.web.servlet.WelcomePageHandlerMapping [WelcomePageHandlerMapping.java:57] Adding welcome page template: index
2023-03-30 15:48:35,467 INFO [restartedMain] org.springframework.boot.devtools.autoconfigure.OptionalLiveReloadServer [OptionalLiveReloadServer.java:59] LiveReload server is running on port 35729
2023-03-30 15:48:35,472 INFO [restartedMain] org.apache.coyote.http11.Http11NioProtocol [DirectJDKLog.java:173] Starting ProtocolHandler ["http-nio-8080"]
2023-03-30 15:48:35,473 INFO [restartedMain] org.springframework.boot.web.embedded.tomcat.TomcatWebServer [TomcatWebServer.java:220] Tomcat started on port(s): 8080 (http) with context path '/forum'
2023-03-30 15:48:35,476 INFO [restartedMain] com.noly.forum.ForumApplication [StartupInfoLogger.java:61] Started ForumApplication in 0.275 seconds (JVM running for 571.005)
2023-03-30 15:48:35,478 INFO [restartedMain] org.springframework.boot.devtools.autoconfigure.ConditionEvaluationDeltaLoggingListener [ConditionEvaluationDeltaLoggingListener.java:63] Condition evaluation unchanged
2023-03-30 15:48:36,894 INFO [File Watcher] org.springframework.boot.devtools.autoconfigure.LocalDevToolsAutoConfiguration$RestartingClassPathChangeChangedEventListener [LocalDevToolsAutoConfiguration.java:211] Restarting due to 1 class path change (1 addition, 0 deletions, 0 modifications)
2023-03-30 15:48:37,048 INFO [Thread-14] org.apache.coyote.http11.Http11NioProtocol [DirectJDKLog.java:173] Pausing ProtocolHandler ["http-nio-8080"]
2023-03-30 15:48:37,048 INFO [Thread-14] org.apache.catalina.core.StandardService [DirectJDKLog.java:173] Stopping service [Tomcat]
2023-03-30 15:48:37,051 INFO [Thread-14] org.apache.coyote.http11.Http11NioProtocol [DirectJDKLog.java:173] Stopping ProtocolHandler ["http-nio-8080"]
2023-03-30 15:48:37,052 INFO [Thread-14] org.apache.coyote.http11.Http11NioProtocol [DirectJDKLog.java:173] Destroying ProtocolHandler ["http-nio-8080"]
2023-03-30 15:48:37,152 INFO [restartedMain] com.noly.forum.ForumApplication [StartupInfoLogger.java:55] Starting ForumApplication using Java 1.8.0_362 on Noly with PID 10120 (D:\Apps_IDE\Projects\forum\target\classes started by Noly in D:\Apps_IDE\Projects\forum)
2023-03-30 15:48:37,152 INFO [restartedMain] com.noly.forum.ForumApplication [SpringApplication.java:631] No active profile set, falling back to 1 default profile: "default"
2023-03-30 15:48:37,273 INFO [restartedMain] org.springframework.boot.web.embedded.tomcat.TomcatWebServer [TomcatWebServer.java:108] Tomcat initialized with port(s): 8080 (http)
2023-03-30 15:48:37,273 INFO [restartedMain] org.apache.coyote.http11.Http11NioProtocol [DirectJDKLog.java:173] Initializing ProtocolHandler ["http-nio-8080"]
2023-03-30 15:48:37,273 INFO [restartedMain] org.apache.catalina.core.StandardService [DirectJDKLog.java:173] Starting service [Tomcat]
2023-03-30 15:48:37,274 INFO [restartedMain] org.apache.catalina.core.StandardEngine [DirectJDKLog.java:173] Starting Servlet engine: [Apache Tomcat/9.0.71]
2023-03-30 15:48:37,289 INFO [restartedMain] org.apache.catalina.core.ContainerBase.[Tomcat].[localhost].[/forum] [DirectJDKLog.java:173] Initializing Spring embedded WebApplicationContext
2023-03-30 15:48:37,289 INFO [restartedMain] org.springframework.boot.web.servlet.context.ServletWebServerApplicationContext [ServletWebServerApplicationContext.java:292] Root WebApplicationContext: initialization completed in 135 ms
2023-03-30 15:48:37,345 INFO [restartedMain] org.springframework.boot.autoconfigure.web.servlet.WelcomePageHandlerMapping [WelcomePageHandlerMapping.java:57] Adding welcome page template: index
2023-03-30 15:48:37,366 INFO [restartedMain] org.springframework.boot.devtools.autoconfigure.OptionalLiveReloadServer [OptionalLiveReloadServer.java:59] LiveReload server is running on port 35729
2023-03-30 15:48:37,370 INFO [restartedMain] org.apache.coyote.http11.Http11NioProtocol [DirectJDKLog.java:173] Starting ProtocolHandler ["http-nio-8080"]
2023-03-30 15:48:37,372 INFO [restartedMain] org.springframework.boot.web.embedded.tomcat.TomcatWebServer [TomcatWebServer.java:220] Tomcat started on port(s): 8080 (http) with context path '/forum'
2023-03-30 15:48:37,374 INFO [restartedMain] com.noly.forum.ForumApplication [StartupInfoLogger.java:61] Started ForumApplication in 0.243 seconds (JVM running for 572.904)
2023-03-30 15:48:37,375 INFO [restartedMain] org.springframework.boot.devtools.autoconfigure.ConditionEvaluationDeltaLoggingListener [ConditionEvaluationDeltaLoggingListener.java:63] Condition evaluation unchanged
2023-03-30 15:48:40,064 INFO [restartedMain] com.noly.forum.ForumApplication [StartupInfoLogger.java:55] Starting ForumApplication using Java 1.8.0_362 on Noly with PID 25088 (D:\Apps_IDE\Projects\forum\target\classes started by Noly in D:\Apps_IDE\Projects\forum)
2023-03-30 15:48:40,065 INFO [restartedMain] com.noly.forum.ForumApplication [SpringApplication.java:631] No active profile set, falling back to 1 default profile: "default"
2023-03-30 15:48:40,090 INFO [restartedMain] org.springframework.boot.devtools.env.DevToolsPropertyDefaultsPostProcessor [DeferredLog.java:255] Devtools property defaults active! Set 'spring.devtools.add-properties' to 'false' to disable
2023-03-30 15:48:40,090 INFO [restartedMain] org.springframework.boot.devtools.env.DevToolsPropertyDefaultsPostProcessor [DeferredLog.java:255] For additional web related logging consider setting the 'logging.level.web' property to 'DEBUG'
2023-03-30 15:48:40,709 INFO [restartedMain] org.springframework.boot.web.embedded.tomcat.TomcatWebServer [TomcatWebServer.java:108] Tomcat initialized with port(s): 8080 (http)
2023-03-30 15:48:40,715 INFO [restartedMain] org.apache.coyote.http11.Http11NioProtocol [DirectJDKLog.java:173] Initializing ProtocolHandler ["http-nio-8080"]
2023-03-30 15:48:40,715 INFO [restartedMain] org.apache.catalina.core.StandardService [DirectJDKLog.java:173] Starting service [Tomcat]
2023-03-30 15:48:40,715 INFO [restartedMain] org.apache.catalina.core.StandardEngine [DirectJDKLog.java:173] Starting Servlet engine: [Apache Tomcat/9.0.71]
2023-03-30 15:48:40,754 INFO [restartedMain] org.apache.catalina.core.ContainerBase.[Tomcat].[localhost].[/forum] [DirectJDKLog.java:173] Initializing Spring embedded WebApplicationContext
2023-03-30 15:48:40,754 INFO [restartedMain] org.springframework.boot.web.servlet.context.ServletWebServerApplicationContext [ServletWebServerApplicationContext.java:292] Root WebApplicationContext: initialization completed in 663 ms
2023-03-30 15:48:41,081 INFO [restartedMain] org.springframework.boot.autoconfigure.web.servlet.WelcomePageHandlerMapping [WelcomePageHandlerMapping.java:57] Adding welcome page template: index
2023-03-30 15:48:41,171 INFO [restartedMain] org.springframework.boot.devtools.autoconfigure.OptionalLiveReloadServer [OptionalLiveReloadServer.java:59] LiveReload server is running on port 35729
2023-03-30 15:48:41,180 INFO [restartedMain] org.apache.coyote.http11.Http11NioProtocol [DirectJDKLog.java:173] Starting ProtocolHandler ["http-nio-8080"]
2023-03-30 15:48:41,190 INFO [restartedMain] org.springframework.boot.web.embedded.tomcat.TomcatWebServer [TomcatWebServer.java:220] Tomcat started on port(s): 8080 (http) with context path '/forum'
2023-03-30 15:48:41,198 INFO [restartedMain] com.noly.forum.ForumApplication [StartupInfoLogger.java:61] Started ForumApplication in 1.4 seconds (JVM running for 1.971)
2023-03-30 15:49:30,319 INFO [http-nio-8080-exec-1] org.apache.catalina.core.ContainerBase.[Tomcat].[localhost].[/forum] [DirectJDKLog.java:173] Initializing Spring DispatcherServlet 'dispatcherServlet'
2023-03-30 15:49:30,319 INFO [http-nio-8080-exec-1] org.springframework.web.servlet.DispatcherServlet [FrameworkServlet.java:525] Initializing Servlet 'dispatcherServlet'
2023-03-30 15:49:30,320 INFO [http-nio-8080-exec-1] org.springframework.web.servlet.DispatcherServlet [FrameworkServlet.java:547] Completed initialization in 0 ms
2023-03-30 15:49:54,337 INFO [File Watcher] org.springframework.boot.devtools.autoconfigure.LocalDevToolsAutoConfiguration$RestartingClassPathChangeChangedEventListener [LocalDevToolsAutoConfiguration.java:211] Restarting due to 1 class path change (0 additions, 1 deletion, 0 modifications)
2023-03-30 15:49:54,484 INFO [Thread-8] org.apache.coyote.http11.Http11NioProtocol [DirectJDKLog.java:173] Pausing ProtocolHandler ["http-nio-8080"]
2023-03-30 15:49:54,485 INFO [Thread-8] org.apache.catalina.core.StandardService [DirectJDKLog.java:173] Stopping service [Tomcat]
2023-03-30 15:49:54,485 INFO [Thread-8] org.apache.catalina.core.ContainerBase.[Tomcat].[localhost].[/forum] [DirectJDKLog.java:173] Destroying Spring FrameworkServlet 'dispatcherServlet'
2023-03-30 15:49:54,487 INFO [Thread-8] org.apache.coyote.http11.Http11NioProtocol [DirectJDKLog.java:173] Stopping ProtocolHandler ["http-nio-8080"]
2023-03-30 15:49:54,488 INFO [Thread-8] org.apache.coyote.http11.Http11NioProtocol [DirectJDKLog.java:173] Destroying ProtocolHandler ["http-nio-8080"]
2023-03-30 15:49:54,581 INFO [restartedMain] com.noly.forum.ForumApplication [StartupInfoLogger.java:55] Starting ForumApplication using Java 1.8.0_362 on Noly with PID 25088 (D:\Apps_IDE\Projects\forum\target\classes started by Noly in D:\Apps_IDE\Projects\forum)
2023-03-30 15:49:54,581 INFO [restartedMain] com.noly.forum.ForumApplication [SpringApplication.java:631] No active profile set, falling back to 1 default profile: "default"
2023-03-30 15:49:54,721 INFO [restartedMain] org.springframework.boot.web.embedded.tomcat.TomcatWebServer [TomcatWebServer.java:108] Tomcat initialized with port(s): 8080 (http)
2023-03-30 15:49:54,721 INFO [restartedMain] org.apache.coyote.http11.Http11NioProtocol [DirectJDKLog.java:173] Initializing ProtocolHandler ["http-nio-8080"]
2023-03-30 15:49:54,721 INFO [restartedMain] org.apache.catalina.core.StandardService [DirectJDKLog.java:173] Starting service [Tomcat]
2023-03-30 15:49:54,721 INFO [restartedMain] org.apache.catalina.core.StandardEngine [DirectJDKLog.java:173] Starting Servlet engine: [Apache Tomcat/9.0.71]
2023-03-30 15:49:54,743 INFO [restartedMain] org.apache.catalina.core.ContainerBase.[Tomcat].[localhost].[/forum] [DirectJDKLog.java:173] Initializing Spring embedded WebApplicationContext
2023-03-30 15:49:54,743 INFO [restartedMain] org.springframework.boot.web.servlet.context.ServletWebServerApplicationContext [ServletWebServerApplicationContext.java:292] Root WebApplicationContext: initialization completed in 160 ms
2023-03-30 15:49:54,814 INFO [restartedMain] org.springframework.boot.autoconfigure.web.servlet.WelcomePageHandlerMapping [WelcomePageHandlerMapping.java:57] Adding welcome page template: index
2023-03-30 15:49:54,849 INFO [restartedMain] org.springframework.boot.devtools.autoconfigure.OptionalLiveReloadServer [OptionalLiveReloadServer.java:59] LiveReload server is running on port 35729
2023-03-30 15:49:54,857 INFO [restartedMain] org.apache.coyote.http11.Http11NioProtocol [DirectJDKLog.java:173] Starting ProtocolHandler ["http-nio-8080"]
2023-03-30 15:49:54,859 INFO [restartedMain] org.springframework.boot.web.embedded.tomcat.TomcatWebServer [TomcatWebServer.java:220] Tomcat started on port(s): 8080 (http) with context path '/forum'
2023-03-30 15:49:54,863 INFO [restartedMain] com.noly.forum.ForumApplication [StartupInfoLogger.java:61] Started ForumApplication in 0.304 seconds (JVM running for 75.636)
2023-03-30 15:49:54,864 INFO [restartedMain] org.springframework.boot.devtools.autoconfigure.ConditionEvaluationDeltaLoggingListener [ConditionEvaluationDeltaLoggingListener.java:63] Condition evaluation unchanged
2023-03-30 15:49:56,277 INFO [File Watcher] org.springframework.boot.devtools.autoconfigure.LocalDevToolsAutoConfiguration$RestartingClassPathChangeChangedEventListener [LocalDevToolsAutoConfiguration.java:211] Restarting due to 1 class path change (1 addition, 0 deletions, 0 modifications)
2023-03-30 15:49:56,422 INFO [Thread-14] org.apache.coyote.http11.Http11NioProtocol [DirectJDKLog.java:173] Pausing ProtocolHandler ["http-nio-8080"]
2023-03-30 15:49:56,423 INFO [Thread-14] org.apache.catalina.core.StandardService [DirectJDKLog.java:173] Stopping service [Tomcat]
2023-03-30 15:49:56,427 INFO [Thread-14] org.apache.coyote.http11.Http11NioProtocol [DirectJDKLog.java:173] Stopping ProtocolHandler ["http-nio-8080"]
2023-03-30 15:49:56,429 INFO [Thread-14] org.apache.coyote.http11.Http11NioProtocol [DirectJDKLog.java:173] Destroying ProtocolHandler ["http-nio-8080"]
2023-03-30 15:49:56,538 INFO [restartedMain] com.noly.forum.ForumApplication [StartupInfoLogger.java:55] Starting ForumApplication using Java 1.8.0_362 on Noly with PID 25088 (D:\Apps_IDE\Projects\forum\target\classes started by Noly in D:\Apps_IDE\Projects\forum)
2023-03-30 15:49:56,538 INFO [restartedMain] com.noly.forum.ForumApplication [SpringApplication.java:631] No active profile set, falling back to 1 default profile: "default"
2023-03-30 15:49:56,656 INFO [restartedMain] org.springframework.boot.web.embedded.tomcat.TomcatWebServer [TomcatWebServer.java:108] Tomcat initialized with port(s): 8080 (http)
2023-03-30 15:49:56,656 INFO [restartedMain] org.apache.coyote.http11.Http11NioProtocol [DirectJDKLog.java:173] Initializing ProtocolHandler ["http-nio-8080"]
2023-03-30 15:49:56,656 INFO [restartedMain] org.apache.catalina.core.StandardService [DirectJDKLog.java:173] Starting service [Tomcat]
2023-03-30 15:49:56,656 INFO [restartedMain] org.apache.catalina.core.StandardEngine [DirectJDKLog.java:173] Starting Servlet engine: [Apache Tomcat/9.0.71]
2023-03-30 15:49:56,672 INFO [restartedMain] org.apache.catalina.core.ContainerBase.[Tomcat].[localhost].[/forum] [DirectJDKLog.java:173] Initializing Spring embedded WebApplicationContext
2023-03-30 15:49:56,672 INFO [restartedMain] org.springframework.boot.web.servlet.context.ServletWebServerApplicationContext [ServletWebServerApplicationContext.java:292] Root WebApplicationContext: initialization completed in 132 ms
2023-03-30 15:49:56,728 INFO [restartedMain] org.springframework.boot.autoconfigure.web.servlet.WelcomePageHandlerMapping [WelcomePageHandlerMapping.java:57] Adding welcome page template: index
2023-03-30 15:49:56,748 INFO [restartedMain] org.springframework.boot.devtools.autoconfigure.OptionalLiveReloadServer [OptionalLiveReloadServer.java:59] LiveReload server is running on port 35729
2023-03-30 15:49:56,752 INFO [restartedMain] org.apache.coyote.http11.Http11NioProtocol [DirectJDKLog.java:173] Starting ProtocolHandler ["http-nio-8080"]
2023-03-30 15:49:56,754 INFO [restartedMain] org.springframework.boot.web.embedded.tomcat.TomcatWebServer [TomcatWebServer.java:220] Tomcat started on port(s): 8080 (http) with context path '/forum'
2023-03-30 15:49:56,756 INFO [restartedMain] com.noly.forum.ForumApplication [StartupInfoLogger.java:61] Started ForumApplication in 0.241 seconds (JVM running for 77.53)
2023-03-30 15:49:56,757 INFO [restartedMain] org.springframework.boot.devtools.autoconfigure.ConditionEvaluationDeltaLoggingListener [ConditionEvaluationDeltaLoggingListener.java:63] Condition evaluation unchanged
2023-03-30 15:50:02,689 INFO [http-nio-8080-exec-1] org.apache.catalina.core.ContainerBase.[Tomcat].[localhost].[/forum] [DirectJDKLog.java:173] Initializing Spring DispatcherServlet 'dispatcherServlet'
2023-03-30 15:50:02,690 INFO [http-nio-8080-exec-1] org.springframework.web.servlet.DispatcherServlet [FrameworkServlet.java:525] Initializing Servlet 'dispatcherServlet'
2023-03-30 15:50:02,690 INFO [http-nio-8080-exec-1] org.springframework.web.servlet.DispatcherServlet [FrameworkServlet.java:547] Completed initialization in 0 ms
2023-03-30 15:53:10,405 INFO [File Watcher] org.springframework.boot.devtools.autoconfigure.LocalDevToolsAutoConfiguration$RestartingClassPathChangeChangedEventListener [LocalDevToolsAutoConfiguration.java:211] Restarting due to 1 class path change (0 additions, 1 deletion, 0 modifications)
2023-03-30 15:53:10,553 INFO [Thread-18] org.apache.coyote.http11.Http11NioProtocol [DirectJDKLog.java:173] Pausing ProtocolHandler ["http-nio-8080"]
2023-03-30 15:53:10,554 INFO [Thread-18] org.apache.catalina.core.StandardService [DirectJDKLog.java:173] Stopping service [Tomcat]
2023-03-30 15:53:10,555 INFO [Thread-18] org.apache.catalina.core.ContainerBase.[Tomcat].[localhost].[/forum] [DirectJDKLog.java:173] Destroying Spring FrameworkServlet 'dispatcherServlet'
2023-03-30 15:53:10,572 INFO [Thread-18] org.apache.coyote.http11.Http11NioProtocol [DirectJDKLog.java:173] Stopping ProtocolHandler ["http-nio-8080"]
2023-03-30 15:53:10,574 INFO [Thread-18] org.apache.coyote.http11.Http11NioProtocol [DirectJDKLog.java:173] Destroying ProtocolHandler ["http-nio-8080"]
2023-03-30 15:53:10,688 INFO [restartedMain] com.noly.forum.ForumApplication [StartupInfoLogger.java:55] Starting ForumApplication using Java 1.8.0_362 on Noly with PID 25088 (D:\Apps_IDE\Projects\forum\target\classes started by Noly in D:\Apps_IDE\Projects\forum)
2023-03-30 15:53:10,689 INFO [restartedMain] com.noly.forum.ForumApplication [SpringApplication.java:631] No active profile set, falling back to 1 default profile: "default"
2023-03-30 15:53:10,838 INFO [restartedMain] org.springframework.boot.web.embedded.tomcat.TomcatWebServer [TomcatWebServer.java:108] Tomcat initialized with port(s): 8080 (http)
2023-03-30 15:53:10,839 INFO [restartedMain] org.apache.coyote.http11.Http11NioProtocol [DirectJDKLog.java:173] Initializing ProtocolHandler ["http-nio-8080"]
2023-03-30 15:53:10,839 INFO [restartedMain] org.apache.catalina.core.StandardService [DirectJDKLog.java:173] Starting service [Tomcat]
2023-03-30 15:53:10,839 INFO [restartedMain] org.apache.catalina.core.StandardEngine [DirectJDKLog.java:173] Starting Servlet engine: [Apache Tomcat/9.0.71]
2023-03-30 15:53:10,847 INFO [restartedMain] org.apache.catalina.core.ContainerBase.[Tomcat].[localhost].[/forum] [DirectJDKLog.java:173] Initializing Spring embedded WebApplicationContext
2023-03-30 15:53:10,847 INFO [restartedMain] org.springframework.boot.web.servlet.context.ServletWebServerApplicationContext [ServletWebServerApplicationContext.java:292] Root WebApplicationContext: initialization completed in 156 ms
2023-03-30 15:53:10,916 INFO [restartedMain] org.springframework.boot.autoconfigure.web.servlet.WelcomePageHandlerMapping [WelcomePageHandlerMapping.java:57] Adding welcome page template: index
2023-03-30 15:53:10,939 INFO [restartedMain] org.springframework.boot.devtools.autoconfigure.OptionalLiveReloadServer [OptionalLiveReloadServer.java:59] LiveReload server is running on port 35729
2023-03-30 15:53:10,943 INFO [restartedMain] org.apache.coyote.http11.Http11NioProtocol [DirectJDKLog.java:173] Starting ProtocolHandler ["http-nio-8080"]
2023-03-30 15:53:10,945 INFO [restartedMain] org.springframework.boot.web.embedded.tomcat.TomcatWebServer [TomcatWebServer.java:220] Tomcat started on port(s): 8080 (http) with context path '/forum'
2023-03-30 15:53:10,948 INFO [restartedMain] com.noly.forum.ForumApplication [StartupInfoLogger.java:61] Started ForumApplication in 0.285 seconds (JVM running for 271.721)
2023-03-30 15:53:10,949 INFO [restartedMain] org.springframework.boot.devtools.autoconfigure.ConditionEvaluationDeltaLoggingListener [ConditionEvaluationDeltaLoggingListener.java:63] Condition evaluation unchanged
2023-03-30 15:53:12,365 INFO [File Watcher] org.springframework.boot.devtools.autoconfigure.LocalDevToolsAutoConfiguration$RestartingClassPathChangeChangedEventListener [LocalDevToolsAutoConfiguration.java:211] Restarting due to 1 class path change (1 addition, 0 deletions, 0 modifications)
2023-03-30 15:53:12,509 INFO [Thread-22] org.apache.coyote.http11.Http11NioProtocol [DirectJDKLog.java:173] Pausing ProtocolHandler ["http-nio-8080"]
2023-03-30 15:53:12,510 INFO [Thread-22] org.apache.catalina.core.StandardService [DirectJDKLog.java:173] Stopping service [Tomcat]
2023-03-30 15:53:12,514 INFO [Thread-22] org.apache.coyote.http11.Http11NioProtocol [DirectJDKLog.java:173] Stopping ProtocolHandler ["http-nio-8080"]
2023-03-30 15:53:12,532 INFO [Thread-22] org.apache.coyote.http11.Http11NioProtocol [DirectJDKLog.java:173] Destroying ProtocolHandler ["http-nio-8080"]
2023-03-30 15:53:12,634 INFO [restartedMain] com.noly.forum.ForumApplication [StartupInfoLogger.java:55] Starting ForumApplication using Java 1.8.0_362 on Noly with PID 25088 (D:\Apps_IDE\Projects\forum\target\classes started by Noly in D:\Apps_IDE\Projects\forum)
2023-03-30 15:53:12,634 INFO [restartedMain] com.noly.forum.ForumApplication [SpringApplication.java:631] No active profile set, falling back to 1 default profile: "default"
2023-03-30 15:53:12,757 INFO [restartedMain] org.springframework.boot.web.embedded.tomcat.TomcatWebServer [TomcatWebServer.java:108] Tomcat initialized with port(s): 8080 (http)
2023-03-30 15:53:12,757 INFO [restartedMain] org.apache.coyote.http11.Http11NioProtocol [DirectJDKLog.java:173] Initializing ProtocolHandler ["http-nio-8080"]
2023-03-30 15:53:12,757 INFO [restartedMain] org.apache.catalina.core.StandardService [DirectJDKLog.java:173] Starting service [Tomcat]
2023-03-30 15:53:12,757 INFO [restartedMain] org.apache.catalina.core.StandardEngine [DirectJDKLog.java:173] Starting Servlet engine: [Apache Tomcat/9.0.71]
2023-03-30 15:53:12,774 INFO [restartedMain] org.apache.catalina.core.ContainerBase.[Tomcat].[localhost].[/forum] [DirectJDKLog.java:173] Initializing Spring embedded WebApplicationContext
2023-03-30 15:53:12,774 INFO [restartedMain] org.springframework.boot.web.servlet.context.ServletWebServerApplicationContext [ServletWebServerApplicationContext.java:292] Root WebApplicationContext: initialization completed in 138 ms
2023-03-30 15:53:12,830 INFO [restartedMain] org.springframework.boot.autoconfigure.web.servlet.WelcomePageHandlerMapping [WelcomePageHandlerMapping.java:57] Adding welcome page template: index
2023-03-30 15:53:12,850 INFO [restartedMain] org.springframework.boot.devtools.autoconfigure.OptionalLiveReloadServer [OptionalLiveReloadServer.java:59] LiveReload server is running on port 35729
2023-03-30 15:53:12,855 INFO [restartedMain] org.apache.coyote.http11.Http11NioProtocol [DirectJDKLog.java:173] Starting ProtocolHandler ["http-nio-8080"]
2023-03-30 15:53:12,856 INFO [restartedMain] org.springframework.boot.web.embedded.tomcat.TomcatWebServer [TomcatWebServer.java:220] Tomcat started on port(s): 8080 (http) with context path '/forum'
2023-03-30 15:53:12,859 INFO [restartedMain] com.noly.forum.ForumApplication [StartupInfoLogger.java:61] Started ForumApplication in 0.242 seconds (JVM running for 273.632)
2023-03-30 15:53:12,860 INFO [restartedMain] org.springframework.boot.devtools.autoconfigure.ConditionEvaluationDeltaLoggingListener [ConditionEvaluationDeltaLoggingListener.java:63] Condition evaluation unchanged
2023-03-30 15:53:23,086 INFO [restartedMain] com.noly.forum.ForumApplication [StartupInfoLogger.java:55] Starting ForumApplication using Java 1.8.0_362 on Noly with PID 6028 (D:\Apps_IDE\Projects\forum\target\classes started by Noly in D:\Apps_IDE\Projects\forum)
2023-03-30 15:53:23,087 INFO [restartedMain] com.noly.forum.ForumApplication [SpringApplication.java:631] No active profile set, falling back to 1 default profile: "default"
2023-03-30 15:53:23,110 INFO [restartedMain] org.springframework.boot.devtools.env.DevToolsPropertyDefaultsPostProcessor [DeferredLog.java:255] Devtools property defaults active! Set 'spring.devtools.add-properties' to 'false' to disable
2023-03-30 15:53:23,110 INFO [restartedMain] org.springframework.boot.devtools.env.DevToolsPropertyDefaultsPostProcessor [DeferredLog.java:255] For additional web related logging consider setting the 'logging.level.web' property to 'DEBUG'
2023-03-30 15:53:23,654 INFO [restartedMain] org.springframework.boot.web.embedded.tomcat.TomcatWebServer [TomcatWebServer.java:108] Tomcat initialized with port(s): 8080 (http)
2023-03-30 15:53:23,659 INFO [restartedMain] org.apache.coyote.http11.Http11NioProtocol [DirectJDKLog.java:173] Initializing ProtocolHandler ["http-nio-8080"]
2023-03-30 15:53:23,659 INFO [restartedMain] org.apache.catalina.core.StandardService [DirectJDKLog.java:173] Starting service [Tomcat]
2023-03-30 15:53:23,659 INFO [restartedMain] org.apache.catalina.core.StandardEngine [DirectJDKLog.java:173] Starting Servlet engine: [Apache Tomcat/9.0.71]
2023-03-30 15:53:23,699 INFO [restartedMain] org.apache.catalina.core.ContainerBase.[Tomcat].[localhost].[/forum] [DirectJDKLog.java:173] Initializing Spring embedded WebApplicationContext
2023-03-30 15:53:23,700 INFO [restartedMain] org.springframework.boot.web.servlet.context.ServletWebServerApplicationContext [ServletWebServerApplicationContext.java:292] Root WebApplicationContext: initialization completed in 589 ms
2023-03-30 15:53:23,970 INFO [restartedMain] org.springframework.boot.autoconfigure.web.servlet.WelcomePageHandlerMapping [WelcomePageHandlerMapping.java:57] Adding welcome page template: index
2023-03-30 15:53:24,050 INFO [restartedMain] org.springframework.boot.devtools.autoconfigure.OptionalLiveReloadServer [OptionalLiveReloadServer.java:59] LiveReload server is running on port 35729
2023-03-30 15:53:24,059 INFO [restartedMain] org.apache.coyote.http11.Http11NioProtocol [DirectJDKLog.java:173] Starting ProtocolHandler ["http-nio-8080"]
2023-03-30 15:53:24,068 INFO [restartedMain] org.springframework.boot.web.embedded.tomcat.TomcatWebServer [TomcatWebServer.java:220] Tomcat started on port(s): 8080 (http) with context path '/forum'
2023-03-30 15:53:24,074 INFO [restartedMain] com.noly.forum.ForumApplication [StartupInfoLogger.java:61] Started ForumApplication in 1.21 seconds (JVM running for 1.831)
2023-03-30 15:53:35,681 INFO [http-nio-8080-exec-1] org.apache.catalina.core.ContainerBase.[Tomcat].[localhost].[/forum] [DirectJDKLog.java:173] Initializing Spring DispatcherServlet 'dispatcherServlet'
2023-03-30 15:53:35,681 INFO [http-nio-8080-exec-1] org.springframework.web.servlet.DispatcherServlet [FrameworkServlet.java:525] Initializing Servlet 'dispatcherServlet'
2023-03-30 15:53:35,683 INFO [http-nio-8080-exec-1] org.springframework.web.servlet.DispatcherServlet [FrameworkServlet.java:547] Completed initialization in 2 ms
2023-03-30 16:33:51,722 INFO [restartedMain] com.noly.forum.ForumApplication [StartupInfoLogger.java:55] Starting ForumApplication using Java 1.8.0_362 on Noly with PID 13288 (D:\Apps_IDE\Projects\forum\target\classes started by Noly in D:\Apps_IDE\Projects\forum)
2023-03-30 16:33:51,723 INFO [restartedMain] com.noly.forum.ForumApplication [SpringApplication.java:631] No active profile set, falling back to 1 default profile: "default"
2023-03-30 16:33:51,751 INFO [restartedMain] org.springframework.boot.devtools.env.DevToolsPropertyDefaultsPostProcessor [DeferredLog.java:255] Devtools property defaults active! Set 'spring.devtools.add-properties' to 'false' to disable
2023-03-30 16:33:51,751 INFO [restartedMain] org.springframework.boot.devtools.env.DevToolsPropertyDefaultsPostProcessor [DeferredLog.java:255] For additional web related logging consider setting the 'logging.level.web' property to 'DEBUG'
2023-03-30 16:33:52,427 INFO [restartedMain] org.springframework.boot.web.embedded.tomcat.TomcatWebServer [TomcatWebServer.java:108] Tomcat initialized with port(s): 8080 (http)
2023-03-30 16:33:52,433 INFO [restartedMain] org.apache.coyote.http11.Http11NioProtocol [DirectJDKLog.java:173] Initializing ProtocolHandler ["http-nio-8080"]
2023-03-30 16:33:52,433 INFO [restartedMain] org.apache.catalina.core.StandardService [DirectJDKLog.java:173] Starting service [Tomcat]
2023-03-30 16:33:52,433 INFO [restartedMain] org.apache.catalina.core.StandardEngine [DirectJDKLog.java:173] Starting Servlet engine: [Apache Tomcat/9.0.71]
2023-03-30 16:33:52,472 INFO [restartedMain] org.apache.catalina.core.ContainerBase.[Tomcat].[localhost].[/forum] [DirectJDKLog.java:173] Initializing Spring embedded WebApplicationContext
2023-03-30 16:33:52,473 INFO [restartedMain] org.springframework.boot.web.servlet.context.ServletWebServerApplicationContext [ServletWebServerApplicationContext.java:292] Root WebApplicationContext: initialization completed in 721 ms
2023-03-30 16:33:52,795 INFO [restartedMain] org.springframework.boot.autoconfigure.web.servlet.WelcomePageHandlerMapping [WelcomePageHandlerMapping.java:57] Adding welcome page template: index
2023-03-30 16:33:52,892 INFO [restartedMain] org.springframework.boot.devtools.autoconfigure.OptionalLiveReloadServer [OptionalLiveReloadServer.java:59] LiveReload server is running on port 35729
2023-03-30 16:33:52,902 INFO [restartedMain] org.apache.coyote.http11.Http11NioProtocol [DirectJDKLog.java:173] Starting ProtocolHandler ["http-nio-8080"]
2023-03-30 16:33:52,913 INFO [restartedMain] org.springframework.boot.web.embedded.tomcat.TomcatWebServer [TomcatWebServer.java:220] Tomcat started on port(s): 8080 (http) with context path '/forum'
2023-03-30 16:33:52,920 INFO [restartedMain] com.noly.forum.ForumApplication [StartupInfoLogger.java:61] Started ForumApplication in 1.479 seconds (JVM running for 2.006)
2023-03-30 16:34:11,215 INFO [http-nio-8080-exec-1] org.apache.catalina.core.ContainerBase.[Tomcat].[localhost].[/forum] [DirectJDKLog.java:173] Initializing Spring DispatcherServlet 'dispatcherServlet'
2023-03-30 16:34:11,216 INFO [http-nio-8080-exec-1] org.springframework.web.servlet.DispatcherServlet [FrameworkServlet.java:525] Initializing Servlet 'dispatcherServlet'
2023-03-30 16:34:11,217 INFO [http-nio-8080-exec-1] org.springframework.web.servlet.DispatcherServlet [FrameworkServlet.java:547] Completed initialization in 1 ms
2023-03-30 16:45:49,134 INFO [restartedMain] com.noly.forum.ForumApplication [StartupInfoLogger.java:55] Starting ForumApplication using Java 1.8.0_362 on Noly with PID 19168 (D:\Apps_IDE\Projects\forum\target\classes started by Noly in D:\Apps_IDE\Projects\forum)
2023-03-30 16:45:49,135 INFO [restartedMain] com.noly.forum.ForumApplication [SpringApplication.java:631] No active profile set, falling back to 1 default profile: "default"
2023-03-30 16:45:49,160 INFO [restartedMain] org.springframework.boot.devtools.env.DevToolsPropertyDefaultsPostProcessor [DeferredLog.java:255] Devtools property defaults active! Set 'spring.devtools.add-properties' to 'false' to disable
2023-03-30 16:45:49,160 INFO [restartedMain] org.springframework.boot.devtools.env.DevToolsPropertyDefaultsPostProcessor [DeferredLog.java:255] For additional web related logging consider setting the 'logging.level.web' property to 'DEBUG'
2023-03-30 16:45:49,767 INFO [restartedMain] org.springframework.boot.web.embedded.tomcat.TomcatWebServer [TomcatWebServer.java:108] Tomcat initialized with port(s): 8080 (http)
2023-03-30 16:45:49,773 INFO [restartedMain] org.apache.coyote.http11.Http11NioProtocol [DirectJDKLog.java:173] Initializing ProtocolHandler ["http-nio-8080"]
2023-03-30 16:45:49,773 INFO [restartedMain] org.apache.catalina.core.StandardService [DirectJDKLog.java:173] Starting service [Tomcat]
2023-03-30 16:45:49,773 INFO [restartedMain] org.apache.catalina.core.StandardEngine [DirectJDKLog.java:173] Starting Servlet engine: [Apache Tomcat/9.0.71]
2023-03-30 16:45:49,823 INFO [restartedMain] org.apache.catalina.core.ContainerBase.[Tomcat].[localhost].[/forum] [DirectJDKLog.java:173] Initializing Spring embedded WebApplicationContext
2023-03-30 16:45:49,823 INFO [restartedMain] org.springframework.boot.web.servlet.context.ServletWebServerApplicationContext [ServletWebServerApplicationContext.java:292] Root WebApplicationContext: initialization completed in 663 ms
2023-03-30 16:45:50,150 INFO [restartedMain] org.springframework.boot.autoconfigure.web.servlet.WelcomePageHandlerMapping [WelcomePageHandlerMapping.java:57] Adding welcome page template: index
2023-03-30 16:45:50,252 INFO [restartedMain] org.springframework.boot.devtools.autoconfigure.OptionalLiveReloadServer [OptionalLiveReloadServer.java:59] LiveReload server is running on port 35729
2023-03-30 16:45:50,265 INFO [restartedMain] org.apache.coyote.http11.Http11NioProtocol [DirectJDKLog.java:173] Starting ProtocolHandler ["http-nio-8080"]
2023-03-30 16:45:50,276 INFO [restartedMain] org.springframework.boot.web.embedded.tomcat.TomcatWebServer [TomcatWebServer.java:220] Tomcat started on port(s): 8080 (http) with context path '/forum'
2023-03-30 16:45:50,288 INFO [restartedMain] com.noly.forum.ForumApplication [StartupInfoLogger.java:61] Started ForumApplication in 1.406 seconds (JVM running for 1.965)
2023-03-30 16:45:56,708 INFO [http-nio-8080-exec-1] org.apache.catalina.core.ContainerBase.[Tomcat].[localhost].[/forum] [DirectJDKLog.java:173] Initializing Spring DispatcherServlet 'dispatcherServlet'
2023-03-30 16:45:56,708 INFO [http-nio-8080-exec-1] org.springframework.web.servlet.DispatcherServlet [FrameworkServlet.java:525] Initializing Servlet 'dispatcherServlet'
2023-03-30 16:45:56,709 INFO [http-nio-8080-exec-1] org.springframework.web.servlet.DispatcherServlet [FrameworkServlet.java:547] Completed initialization in 1 ms
2023-03-30 21:48:29,099 INFO [main] com.noly.forum.MapperTests [StartupInfoLogger.java:55] Starting MapperTests using Java 1.8.0_362 on Noly with PID 7020 (started by Noly in D:\Apps_IDE\Projects\forum)
2023-03-30 21:48:29,101 INFO [main] com.noly.forum.MapperTests [SpringApplication.java:631] No active profile set, falling back to 1 default profile: "default"
2023-03-30 21:48:30,533 INFO [main] org.springframework.boot.autoconfigure.web.servlet.WelcomePageHandlerMapping [WelcomePageHandlerMapping.java:57] Adding welcome page template: index
2023-03-30 21:48:30,826 INFO [main] com.noly.forum.MapperTests [StartupInfoLogger.java:61] Started MapperTests in 2.015 seconds (JVM running for 2.619)
2023-03-30 21:48:31,121 INFO [main] com.zaxxer.hikari.HikariDataSource [HikariDataSource.java:110] HikariPool-1 - Starting...
2023-03-30 21:48:31,241 INFO [main] com.zaxxer.hikari.HikariDataSource [HikariDataSource.java:123] HikariPool-1 - Start completed.
2023-03-30 21:48:31,297 INFO [SpringApplicationShutdownHook] com.zaxxer.hikari.HikariDataSource [HikariDataSource.java:350] HikariPool-1 - Shutdown initiated...
2023-03-30 21:48:31,302 INFO [SpringApplicationShutdownHook] com.zaxxer.hikari.HikariDataSource [HikariDataSource.java:352] HikariPool-1 - Shutdown completed.
2023-03-30 22:16:42,269 INFO [main] com.noly.forum.MapperTests [StartupInfoLogger.java:55] Starting MapperTests using Java 1.8.0_362 on Noly with PID 10648 (started by Noly in D:\Apps_IDE\Projects\forum)
2023-03-30 22:16:42,270 INFO [main] com.noly.forum.MapperTests [SpringApplication.java:631] No active profile set, falling back to 1 default profile: "default"
2023-03-30 22:16:43,452 INFO [main] org.springframework.boot.autoconfigure.web.servlet.WelcomePageHandlerMapping [WelcomePageHandlerMapping.java:57] Adding welcome page template: index
2023-03-30 22:16:43,757 INFO [main] com.noly.forum.MapperTests [StartupInfoLogger.java:61] Started MapperTests in 1.747 seconds (JVM running for 2.397)
2023-03-30 22:16:43,993 INFO [main] com.zaxxer.hikari.HikariDataSource [HikariDataSource.java:110] HikariPool-1 - Starting...
2023-03-30 22:16:44,136 INFO [main] com.zaxxer.hikari.HikariDataSource [HikariDataSource.java:123] HikariPool-1 - Start completed.
2023-03-30 22:16:44,217 INFO [SpringApplicationShutdownHook] com.zaxxer.hikari.HikariDataSource [HikariDataSource.java:350] HikariPool-1 - Shutdown initiated...
2023-03-30 22:16:44,222 INFO [SpringApplicationShutdownHook] com.zaxxer.hikari.HikariDataSource [HikariDataSource.java:352] HikariPool-1 - Shutdown completed.
