2023-04-12 10:40:04,554 WARN [Thread-10] org.apache.catalina.loader.WebappClassLoaderBase [DirectJDKLog.java:173] The web application [forum] appears to have started a thread named [HikariPool-1 housekeeper] but has failed to stop it. This is very likely to create a memory leak. Stack trace of thread:
 sun.misc.Unsafe.park(Native Method)
 java.util.concurrent.locks.LockSupport.parkNanos(LockSupport.java:215)
 java.util.concurrent.locks.AbstractQueuedSynchronizer$ConditionObject.awaitNanos(AbstractQueuedSynchronizer.java:2078)
 java.util.concurrent.ScheduledThreadPoolExecutor$DelayedWorkQueue.take(ScheduledThreadPoolExecutor.java:1093)
 java.util.concurrent.ScheduledThreadPoolExecutor$DelayedWorkQueue.take(ScheduledThreadPoolExecutor.java:809)
 java.util.concurrent.ThreadPoolExecutor.getTask(ThreadPoolExecutor.java:1074)
 java.util.concurrent.ThreadPoolExecutor.runWorker(ThreadPoolExecutor.java:1134)
 java.util.concurrent.ThreadPoolExecutor$Worker.run(ThreadPoolExecutor.java:624)
 java.lang.Thread.run(Thread.java:750)
2023-04-12 10:40:04,557 WARN [Thread-10] org.apache.catalina.loader.WebappClassLoaderBase [DirectJDKLog.java:173] The web application [forum] appears to have started a thread named [lettuce-nioEventLoop-4-1] but has failed to stop it. This is very likely to create a memory leak. Stack trace of thread:
 sun.nio.ch.WindowsSelectorImpl$SubSelector.poll0(Native Method)
 sun.nio.ch.WindowsSelectorImpl$SubSelector.poll(WindowsSelectorImpl.java:314)
 sun.nio.ch.WindowsSelectorImpl$SubSelector.access$400(WindowsSelectorImpl.java:293)
 sun.nio.ch.WindowsSelectorImpl.doSelect(WindowsSelectorImpl.java:174)
 sun.nio.ch.SelectorImpl.lockAndDoSelect(SelectorImpl.java:86)
 sun.nio.ch.SelectorImpl.select(SelectorImpl.java:97)
 sun.nio.ch.SelectorImpl.select(SelectorImpl.java:101)
 io.netty.channel.nio.SelectedSelectionKeySetSelector.select(SelectedSelectionKeySetSelector.java:68)
 io.netty.channel.nio.NioEventLoop.select(NioEventLoop.java:879)
 io.netty.channel.nio.NioEventLoop.run(NioEventLoop.java:526)
 io.netty.util.concurrent.SingleThreadEventExecutor$4.run(SingleThreadEventExecutor.java:997)
 io.netty.util.internal.ThreadExecutorMap$2.run(ThreadExecutorMap.java:74)
 io.netty.util.concurrent.FastThreadLocalRunnable.run(FastThreadLocalRunnable.java:30)
 java.lang.Thread.run(Thread.java:750)
2023-04-12 10:40:04,557 WARN [Thread-10] org.apache.catalina.loader.WebappClassLoaderBase [DirectJDKLog.java:173] The web application [forum] appears to have started a thread named [lettuce-eventExecutorLoop-1-1] but has failed to stop it. This is very likely to create a memory leak. Stack trace of thread:
 sun.misc.Unsafe.park(Native Method)
 java.util.concurrent.locks.LockSupport.park(LockSupport.java:175)
 java.util.concurrent.locks.AbstractQueuedSynchronizer$ConditionObject.await(AbstractQueuedSynchronizer.java:2039)
 java.util.concurrent.LinkedBlockingQueue.take(LinkedBlockingQueue.java:442)
 io.netty.util.concurrent.SingleThreadEventExecutor.takeTask(SingleThreadEventExecutor.java:244)
 io.netty.util.concurrent.DefaultEventExecutor.run(DefaultEventExecutor.java:64)
 io.netty.util.concurrent.SingleThreadEventExecutor$4.run(SingleThreadEventExecutor.java:997)
 io.netty.util.internal.ThreadExecutorMap$2.run(ThreadExecutorMap.java:74)
 io.netty.util.concurrent.FastThreadLocalRunnable.run(FastThreadLocalRunnable.java:30)
 java.lang.Thread.run(Thread.java:750)
2023-04-12 10:40:04,558 WARN [Thread-10] org.apache.catalina.loader.WebappClassLoaderBase [DirectJDKLog.java:173] The web application [forum] appears to have started a thread named [lettuce-eventExecutorLoop-1-2] but has failed to stop it. This is very likely to create a memory leak. Stack trace of thread:
 sun.misc.Unsafe.park(Native Method)
 java.util.concurrent.locks.LockSupport.park(LockSupport.java:175)
 java.util.concurrent.locks.AbstractQueuedSynchronizer$ConditionObject.await(AbstractQueuedSynchronizer.java:2039)
 java.util.concurrent.LinkedBlockingQueue.take(LinkedBlockingQueue.java:442)
 io.netty.util.concurrent.SingleThreadEventExecutor.takeTask(SingleThreadEventExecutor.java:244)
 io.netty.util.concurrent.DefaultEventExecutor.run(DefaultEventExecutor.java:64)
 io.netty.util.concurrent.SingleThreadEventExecutor$4.run(SingleThreadEventExecutor.java:997)
 io.netty.util.internal.ThreadExecutorMap$2.run(ThreadExecutorMap.java:74)
 io.netty.util.concurrent.FastThreadLocalRunnable.run(FastThreadLocalRunnable.java:30)
 java.lang.Thread.run(Thread.java:750)
2023-04-12 10:40:04,559 WARN [Thread-10] org.apache.catalina.loader.WebappClassLoaderBase [DirectJDKLog.java:173] The web application [forum] appears to have started a thread named [lettuce-eventExecutorLoop-1-3] but has failed to stop it. This is very likely to create a memory leak. Stack trace of thread:
 sun.misc.Unsafe.park(Native Method)
 java.util.concurrent.locks.LockSupport.park(LockSupport.java:175)
 java.util.concurrent.locks.AbstractQueuedSynchronizer$ConditionObject.await(AbstractQueuedSynchronizer.java:2039)
 java.util.concurrent.LinkedBlockingQueue.take(LinkedBlockingQueue.java:442)
 io.netty.util.concurrent.SingleThreadEventExecutor.takeTask(SingleThreadEventExecutor.java:244)
 io.netty.util.concurrent.DefaultEventExecutor.run(DefaultEventExecutor.java:64)
 io.netty.util.concurrent.SingleThreadEventExecutor$4.run(SingleThreadEventExecutor.java:997)
 io.netty.util.internal.ThreadExecutorMap$2.run(ThreadExecutorMap.java:74)
 io.netty.util.concurrent.FastThreadLocalRunnable.run(FastThreadLocalRunnable.java:30)
 java.lang.Thread.run(Thread.java:750)
2023-04-12 10:40:04,559 WARN [Thread-10] org.apache.catalina.loader.WebappClassLoaderBase [DirectJDKLog.java:173] The web application [forum] appears to have started a thread named [lettuce-eventExecutorLoop-1-4] but has failed to stop it. This is very likely to create a memory leak. Stack trace of thread:
 sun.misc.Unsafe.park(Native Method)
 java.util.concurrent.locks.LockSupport.park(LockSupport.java:175)
 java.util.concurrent.locks.AbstractQueuedSynchronizer$ConditionObject.await(AbstractQueuedSynchronizer.java:2039)
 java.util.concurrent.LinkedBlockingQueue.take(LinkedBlockingQueue.java:442)
 io.netty.util.concurrent.SingleThreadEventExecutor.takeTask(SingleThreadEventExecutor.java:244)
 io.netty.util.concurrent.DefaultEventExecutor.run(DefaultEventExecutor.java:64)
 io.netty.util.concurrent.SingleThreadEventExecutor$4.run(SingleThreadEventExecutor.java:997)
 io.netty.util.internal.ThreadExecutorMap$2.run(ThreadExecutorMap.java:74)
 io.netty.util.concurrent.FastThreadLocalRunnable.run(FastThreadLocalRunnable.java:30)
 java.lang.Thread.run(Thread.java:750)
2023-04-12 10:40:04,560 WARN [Thread-10] org.apache.catalina.loader.WebappClassLoaderBase [DirectJDKLog.java:173] The web application [forum] appears to have started a thread named [lettuce-eventExecutorLoop-1-5] but has failed to stop it. This is very likely to create a memory leak. Stack trace of thread:
 sun.misc.Unsafe.park(Native Method)
 java.util.concurrent.locks.LockSupport.park(LockSupport.java:175)
 java.util.concurrent.locks.AbstractQueuedSynchronizer$ConditionObject.await(AbstractQueuedSynchronizer.java:2039)
 java.util.concurrent.LinkedBlockingQueue.take(LinkedBlockingQueue.java:442)
 io.netty.util.concurrent.SingleThreadEventExecutor.takeTask(SingleThreadEventExecutor.java:244)
 io.netty.util.concurrent.DefaultEventExecutor.run(DefaultEventExecutor.java:64)
 io.netty.util.concurrent.SingleThreadEventExecutor$4.run(SingleThreadEventExecutor.java:997)
 io.netty.util.internal.ThreadExecutorMap$2.run(ThreadExecutorMap.java:74)
 io.netty.util.concurrent.FastThreadLocalRunnable.run(FastThreadLocalRunnable.java:30)
 java.lang.Thread.run(Thread.java:750)
2023-04-12 10:40:04,560 WARN [Thread-10] org.apache.catalina.loader.WebappClassLoaderBase [DirectJDKLog.java:173] The web application [forum] appears to have started a thread named [lettuce-eventExecutorLoop-1-6] but has failed to stop it. This is very likely to create a memory leak. Stack trace of thread:
 sun.misc.Unsafe.park(Native Method)
 java.util.concurrent.locks.LockSupport.park(LockSupport.java:175)
 java.util.concurrent.locks.AbstractQueuedSynchronizer$ConditionObject.await(AbstractQueuedSynchronizer.java:2039)
 java.util.concurrent.LinkedBlockingQueue.take(LinkedBlockingQueue.java:442)
 io.netty.util.concurrent.SingleThreadEventExecutor.takeTask(SingleThreadEventExecutor.java:244)
 io.netty.util.concurrent.DefaultEventExecutor.run(DefaultEventExecutor.java:64)
 io.netty.util.concurrent.SingleThreadEventExecutor$4.run(SingleThreadEventExecutor.java:997)
 io.netty.util.internal.ThreadExecutorMap$2.run(ThreadExecutorMap.java:74)
 io.netty.util.concurrent.FastThreadLocalRunnable.run(FastThreadLocalRunnable.java:30)
 java.lang.Thread.run(Thread.java:750)
2023-04-12 10:40:04,561 WARN [Thread-10] org.apache.catalina.loader.WebappClassLoaderBase [DirectJDKLog.java:173] The web application [forum] appears to have started a thread named [lettuce-eventExecutorLoop-1-7] but has failed to stop it. This is very likely to create a memory leak. Stack trace of thread:
 sun.misc.Unsafe.park(Native Method)
 java.util.concurrent.locks.LockSupport.park(LockSupport.java:175)
 java.util.concurrent.locks.AbstractQueuedSynchronizer$ConditionObject.await(AbstractQueuedSynchronizer.java:2039)
 java.util.concurrent.LinkedBlockingQueue.take(LinkedBlockingQueue.java:442)
 io.netty.util.concurrent.SingleThreadEventExecutor.takeTask(SingleThreadEventExecutor.java:244)
 io.netty.util.concurrent.DefaultEventExecutor.run(DefaultEventExecutor.java:64)
 io.netty.util.concurrent.SingleThreadEventExecutor$4.run(SingleThreadEventExecutor.java:997)
 io.netty.util.internal.ThreadExecutorMap$2.run(ThreadExecutorMap.java:74)
 io.netty.util.concurrent.FastThreadLocalRunnable.run(FastThreadLocalRunnable.java:30)
 java.lang.Thread.run(Thread.java:750)
2023-04-12 10:40:04,562 WARN [Thread-10] org.apache.catalina.loader.WebappClassLoaderBase [DirectJDKLog.java:173] The web application [forum] appears to have started a thread named [lettuce-eventExecutorLoop-1-8] but has failed to stop it. This is very likely to create a memory leak. Stack trace of thread:
 sun.misc.Unsafe.park(Native Method)
 java.util.concurrent.locks.LockSupport.park(LockSupport.java:175)
 java.util.concurrent.locks.AbstractQueuedSynchronizer$ConditionObject.await(AbstractQueuedSynchronizer.java:2039)
 java.util.concurrent.LinkedBlockingQueue.take(LinkedBlockingQueue.java:442)
 io.netty.util.concurrent.SingleThreadEventExecutor.takeTask(SingleThreadEventExecutor.java:244)
 io.netty.util.concurrent.DefaultEventExecutor.run(DefaultEventExecutor.java:64)
 io.netty.util.concurrent.SingleThreadEventExecutor$4.run(SingleThreadEventExecutor.java:997)
 io.netty.util.internal.ThreadExecutorMap$2.run(ThreadExecutorMap.java:74)
 io.netty.util.concurrent.FastThreadLocalRunnable.run(FastThreadLocalRunnable.java:30)
 java.lang.Thread.run(Thread.java:750)
2023-04-12 10:40:04,563 WARN [Thread-10] org.apache.catalina.loader.WebappClassLoaderBase [DirectJDKLog.java:173] The web application [forum] appears to have started a thread named [lettuce-eventExecutorLoop-1-9] but has failed to stop it. This is very likely to create a memory leak. Stack trace of thread:
 sun.misc.Unsafe.park(Native Method)
 java.util.concurrent.locks.LockSupport.park(LockSupport.java:175)
 java.util.concurrent.locks.AbstractQueuedSynchronizer$ConditionObject.await(AbstractQueuedSynchronizer.java:2039)
 java.util.concurrent.LinkedBlockingQueue.take(LinkedBlockingQueue.java:442)
 io.netty.util.concurrent.SingleThreadEventExecutor.takeTask(SingleThreadEventExecutor.java:244)
 io.netty.util.concurrent.DefaultEventExecutor.run(DefaultEventExecutor.java:64)
 io.netty.util.concurrent.SingleThreadEventExecutor$4.run(SingleThreadEventExecutor.java:997)
 io.netty.util.internal.ThreadExecutorMap$2.run(ThreadExecutorMap.java:74)
 io.netty.util.concurrent.FastThreadLocalRunnable.run(FastThreadLocalRunnable.java:30)
 java.lang.Thread.run(Thread.java:750)
2023-04-12 10:40:04,563 WARN [Thread-10] org.apache.catalina.loader.WebappClassLoaderBase [DirectJDKLog.java:173] The web application [forum] appears to have started a thread named [lettuce-eventExecutorLoop-1-10] but has failed to stop it. This is very likely to create a memory leak. Stack trace of thread:
 sun.misc.Unsafe.park(Native Method)
 java.util.concurrent.locks.LockSupport.park(LockSupport.java:175)
 java.util.concurrent.locks.AbstractQueuedSynchronizer$ConditionObject.await(AbstractQueuedSynchronizer.java:2039)
 java.util.concurrent.LinkedBlockingQueue.take(LinkedBlockingQueue.java:442)
 io.netty.util.concurrent.SingleThreadEventExecutor.takeTask(SingleThreadEventExecutor.java:244)
 io.netty.util.concurrent.DefaultEventExecutor.run(DefaultEventExecutor.java:64)
 io.netty.util.concurrent.SingleThreadEventExecutor$4.run(SingleThreadEventExecutor.java:997)
 io.netty.util.internal.ThreadExecutorMap$2.run(ThreadExecutorMap.java:74)
 io.netty.util.concurrent.FastThreadLocalRunnable.run(FastThreadLocalRunnable.java:30)
 java.lang.Thread.run(Thread.java:750)
2023-04-12 10:40:04,564 WARN [Thread-10] org.apache.catalina.loader.WebappClassLoaderBase [DirectJDKLog.java:173] The web application [forum] appears to have started a thread named [lettuce-eventExecutorLoop-1-11] but has failed to stop it. This is very likely to create a memory leak. Stack trace of thread:
 sun.misc.Unsafe.park(Native Method)
 java.util.concurrent.locks.LockSupport.park(LockSupport.java:175)
 java.util.concurrent.locks.AbstractQueuedSynchronizer$ConditionObject.await(AbstractQueuedSynchronizer.java:2039)
 java.util.concurrent.LinkedBlockingQueue.take(LinkedBlockingQueue.java:442)
 io.netty.util.concurrent.SingleThreadEventExecutor.takeTask(SingleThreadEventExecutor.java:244)
 io.netty.util.concurrent.DefaultEventExecutor.run(DefaultEventExecutor.java:64)
 io.netty.util.concurrent.SingleThreadEventExecutor$4.run(SingleThreadEventExecutor.java:997)
 io.netty.util.internal.ThreadExecutorMap$2.run(ThreadExecutorMap.java:74)
 io.netty.util.concurrent.FastThreadLocalRunnable.run(FastThreadLocalRunnable.java:30)
 java.lang.Thread.run(Thread.java:750)
2023-04-12 10:40:04,564 WARN [Thread-10] org.apache.catalina.loader.WebappClassLoaderBase [DirectJDKLog.java:173] The web application [forum] appears to have started a thread named [lettuce-eventExecutorLoop-1-12] but has failed to stop it. This is very likely to create a memory leak. Stack trace of thread:
 sun.misc.Unsafe.park(Native Method)
 java.util.concurrent.locks.LockSupport.park(LockSupport.java:175)
 java.util.concurrent.locks.AbstractQueuedSynchronizer$ConditionObject.await(AbstractQueuedSynchronizer.java:2039)
 java.util.concurrent.LinkedBlockingQueue.take(LinkedBlockingQueue.java:442)
 io.netty.util.concurrent.SingleThreadEventExecutor.takeTask(SingleThreadEventExecutor.java:244)
 io.netty.util.concurrent.DefaultEventExecutor.run(DefaultEventExecutor.java:64)
 io.netty.util.concurrent.SingleThreadEventExecutor$4.run(SingleThreadEventExecutor.java:997)
 io.netty.util.internal.ThreadExecutorMap$2.run(ThreadExecutorMap.java:74)
 io.netty.util.concurrent.FastThreadLocalRunnable.run(FastThreadLocalRunnable.java:30)
 java.lang.Thread.run(Thread.java:750)
2023-04-12 10:40:04,565 WARN [Thread-10] org.apache.catalina.loader.WebappClassLoaderBase [DirectJDKLog.java:173] The web application [forum] appears to have started a thread named [lettuce-eventExecutorLoop-1-13] but has failed to stop it. This is very likely to create a memory leak. Stack trace of thread:
 sun.misc.Unsafe.park(Native Method)
 java.util.concurrent.locks.LockSupport.park(LockSupport.java:175)
 java.util.concurrent.locks.AbstractQueuedSynchronizer$ConditionObject.await(AbstractQueuedSynchronizer.java:2039)
 java.util.concurrent.LinkedBlockingQueue.take(LinkedBlockingQueue.java:442)
 io.netty.util.concurrent.SingleThreadEventExecutor.takeTask(SingleThreadEventExecutor.java:244)
 io.netty.util.concurrent.DefaultEventExecutor.run(DefaultEventExecutor.java:64)
 io.netty.util.concurrent.SingleThreadEventExecutor$4.run(SingleThreadEventExecutor.java:997)
 io.netty.util.internal.ThreadExecutorMap$2.run(ThreadExecutorMap.java:74)
 io.netty.util.concurrent.FastThreadLocalRunnable.run(FastThreadLocalRunnable.java:30)
 java.lang.Thread.run(Thread.java:750)
2023-04-12 10:40:04,565 WARN [Thread-10] org.apache.catalina.loader.WebappClassLoaderBase [DirectJDKLog.java:173] The web application [forum] appears to have started a thread named [lettuce-eventExecutorLoop-1-14] but has failed to stop it. This is very likely to create a memory leak. Stack trace of thread:
 sun.misc.Unsafe.park(Native Method)
 java.util.concurrent.locks.LockSupport.park(LockSupport.java:175)
 java.util.concurrent.locks.AbstractQueuedSynchronizer$ConditionObject.await(AbstractQueuedSynchronizer.java:2039)
 java.util.concurrent.LinkedBlockingQueue.take(LinkedBlockingQueue.java:442)
 io.netty.util.concurrent.SingleThreadEventExecutor.takeTask(SingleThreadEventExecutor.java:244)
 io.netty.util.concurrent.DefaultEventExecutor.run(DefaultEventExecutor.java:64)
 io.netty.util.concurrent.SingleThreadEventExecutor$4.run(SingleThreadEventExecutor.java:997)
 io.netty.util.internal.ThreadExecutorMap$2.run(ThreadExecutorMap.java:74)
 io.netty.util.concurrent.FastThreadLocalRunnable.run(FastThreadLocalRunnable.java:30)
 java.lang.Thread.run(Thread.java:750)
2023-04-12 10:40:04,567 WARN [Thread-10] org.apache.catalina.loader.WebappClassLoaderBase [DirectJDKLog.java:173] The web application [forum] appears to have started a thread named [lettuce-eventExecutorLoop-1-15] but has failed to stop it. This is very likely to create a memory leak. Stack trace of thread:
 sun.misc.Unsafe.park(Native Method)
 java.util.concurrent.locks.LockSupport.park(LockSupport.java:175)
 java.util.concurrent.locks.AbstractQueuedSynchronizer$ConditionObject.await(AbstractQueuedSynchronizer.java:2039)
 java.util.concurrent.LinkedBlockingQueue.take(LinkedBlockingQueue.java:442)
 io.netty.util.concurrent.SingleThreadEventExecutor.takeTask(SingleThreadEventExecutor.java:244)
 io.netty.util.concurrent.DefaultEventExecutor.run(DefaultEventExecutor.java:64)
 io.netty.util.concurrent.SingleThreadEventExecutor$4.run(SingleThreadEventExecutor.java:997)
 io.netty.util.internal.ThreadExecutorMap$2.run(ThreadExecutorMap.java:74)
 io.netty.util.concurrent.FastThreadLocalRunnable.run(FastThreadLocalRunnable.java:30)
 java.lang.Thread.run(Thread.java:750)
2023-04-12 10:40:04,567 WARN [Thread-10] org.apache.catalina.loader.WebappClassLoaderBase [DirectJDKLog.java:173] The web application [forum] appears to have started a thread named [lettuce-eventExecutorLoop-1-16] but has failed to stop it. This is very likely to create a memory leak. Stack trace of thread:
 sun.misc.Unsafe.park(Native Method)
 java.util.concurrent.locks.LockSupport.park(LockSupport.java:175)
 java.util.concurrent.locks.AbstractQueuedSynchronizer$ConditionObject.await(AbstractQueuedSynchronizer.java:2039)
 java.util.concurrent.LinkedBlockingQueue.take(LinkedBlockingQueue.java:442)
 io.netty.util.concurrent.SingleThreadEventExecutor.takeTask(SingleThreadEventExecutor.java:244)
 io.netty.util.concurrent.DefaultEventExecutor.run(DefaultEventExecutor.java:64)
 io.netty.util.concurrent.SingleThreadEventExecutor$4.run(SingleThreadEventExecutor.java:997)
 io.netty.util.internal.ThreadExecutorMap$2.run(ThreadExecutorMap.java:74)
 io.netty.util.concurrent.FastThreadLocalRunnable.run(FastThreadLocalRunnable.java:30)
 java.lang.Thread.run(Thread.java:750)
2023-04-12 10:40:04,568 WARN [Thread-10] org.apache.catalina.loader.WebappClassLoaderBase [DirectJDKLog.java:173] The web application [forum] appears to have started a thread named [lettuce-eventExecutorLoop-1-17] but has failed to stop it. This is very likely to create a memory leak. Stack trace of thread:
 sun.misc.Unsafe.park(Native Method)
 java.util.concurrent.locks.LockSupport.park(LockSupport.java:175)
 java.util.concurrent.locks.AbstractQueuedSynchronizer$ConditionObject.await(AbstractQueuedSynchronizer.java:2039)
 java.util.concurrent.LinkedBlockingQueue.take(LinkedBlockingQueue.java:442)
 io.netty.util.concurrent.SingleThreadEventExecutor.takeTask(SingleThreadEventExecutor.java:244)
 io.netty.util.concurrent.DefaultEventExecutor.run(DefaultEventExecutor.java:64)
 io.netty.util.concurrent.SingleThreadEventExecutor$4.run(SingleThreadEventExecutor.java:997)
 io.netty.util.internal.ThreadExecutorMap$2.run(ThreadExecutorMap.java:74)
 io.netty.util.concurrent.FastThreadLocalRunnable.run(FastThreadLocalRunnable.java:30)
 java.lang.Thread.run(Thread.java:750)
2023-04-12 10:40:04,568 WARN [Thread-10] org.apache.catalina.loader.WebappClassLoaderBase [DirectJDKLog.java:173] The web application [forum] appears to have started a thread named [lettuce-eventExecutorLoop-1-18] but has failed to stop it. This is very likely to create a memory leak. Stack trace of thread:
 sun.misc.Unsafe.park(Native Method)
 java.util.concurrent.locks.LockSupport.park(LockSupport.java:175)
 java.util.concurrent.locks.AbstractQueuedSynchronizer$ConditionObject.await(AbstractQueuedSynchronizer.java:2039)
 java.util.concurrent.LinkedBlockingQueue.take(LinkedBlockingQueue.java:442)
 io.netty.util.concurrent.SingleThreadEventExecutor.takeTask(SingleThreadEventExecutor.java:244)
 io.netty.util.concurrent.DefaultEventExecutor.run(DefaultEventExecutor.java:64)
 io.netty.util.concurrent.SingleThreadEventExecutor$4.run(SingleThreadEventExecutor.java:997)
 io.netty.util.internal.ThreadExecutorMap$2.run(ThreadExecutorMap.java:74)
 io.netty.util.concurrent.FastThreadLocalRunnable.run(FastThreadLocalRunnable.java:30)
 java.lang.Thread.run(Thread.java:750)
2023-04-12 10:40:04,569 WARN [Thread-10] org.apache.catalina.loader.WebappClassLoaderBase [DirectJDKLog.java:173] The web application [forum] appears to have started a thread named [lettuce-eventExecutorLoop-1-19] but has failed to stop it. This is very likely to create a memory leak. Stack trace of thread:
 sun.misc.Unsafe.park(Native Method)
 java.util.concurrent.locks.LockSupport.park(LockSupport.java:175)
 java.util.concurrent.locks.AbstractQueuedSynchronizer$ConditionObject.await(AbstractQueuedSynchronizer.java:2039)
 java.util.concurrent.LinkedBlockingQueue.take(LinkedBlockingQueue.java:442)
 io.netty.util.concurrent.SingleThreadEventExecutor.takeTask(SingleThreadEventExecutor.java:244)
 io.netty.util.concurrent.DefaultEventExecutor.run(DefaultEventExecutor.java:64)
 io.netty.util.concurrent.SingleThreadEventExecutor$4.run(SingleThreadEventExecutor.java:997)
 io.netty.util.internal.ThreadExecutorMap$2.run(ThreadExecutorMap.java:74)
 io.netty.util.concurrent.FastThreadLocalRunnable.run(FastThreadLocalRunnable.java:30)
 java.lang.Thread.run(Thread.java:750)
2023-04-12 10:40:04,569 WARN [Thread-10] org.apache.catalina.loader.WebappClassLoaderBase [DirectJDKLog.java:173] The web application [forum] appears to have started a thread named [lettuce-eventExecutorLoop-1-20] but has failed to stop it. This is very likely to create a memory leak. Stack trace of thread:
 sun.misc.Unsafe.park(Native Method)
 java.util.concurrent.locks.LockSupport.park(LockSupport.java:175)
 java.util.concurrent.locks.AbstractQueuedSynchronizer$ConditionObject.await(AbstractQueuedSynchronizer.java:2039)
 java.util.concurrent.LinkedBlockingQueue.take(LinkedBlockingQueue.java:442)
 io.netty.util.concurrent.SingleThreadEventExecutor.takeTask(SingleThreadEventExecutor.java:244)
 io.netty.util.concurrent.DefaultEventExecutor.run(DefaultEventExecutor.java:64)
 io.netty.util.concurrent.SingleThreadEventExecutor$4.run(SingleThreadEventExecutor.java:997)
 io.netty.util.internal.ThreadExecutorMap$2.run(ThreadExecutorMap.java:74)
 io.netty.util.concurrent.FastThreadLocalRunnable.run(FastThreadLocalRunnable.java:30)
 java.lang.Thread.run(Thread.java:750)
2023-04-12 22:33:25,085 WARN [org.springframework.kafka.KafkaListenerEndpointContainer#0-0-C-1] org.apache.kafka.clients.NetworkClient [NetworkClient.java:775] [Consumer clientId=consumer-forum-consumer-group-1, groupId=forum-consumer-group] Connection to node -1 (localhost/127.0.0.1:9092) could not be established. Broker may not be available.
2023-04-12 22:33:25,097 WARN [org.springframework.kafka.KafkaListenerEndpointContainer#0-0-C-1] org.apache.kafka.clients.NetworkClient [NetworkClient.java:1063] [Consumer clientId=consumer-forum-consumer-group-1, groupId=forum-consumer-group] Bootstrap broker localhost:9092 (id: -1 rack: null) disconnected
2023-04-12 22:33:25,112 WARN [kafka-producer-network-thread | producer-1] org.apache.kafka.clients.NetworkClient [NetworkClient.java:775] [Producer clientId=producer-1] Connection to node -1 (localhost/127.0.0.1:9092) could not be established. Broker may not be available.
2023-04-12 22:33:25,112 WARN [kafka-producer-network-thread | producer-1] org.apache.kafka.clients.NetworkClient [NetworkClient.java:1063] [Producer clientId=producer-1] Bootstrap broker localhost:9092 (id: -1 rack: null) disconnected
2023-04-12 22:33:27,233 WARN [org.springframework.kafka.KafkaListenerEndpointContainer#0-0-C-1] org.apache.kafka.clients.NetworkClient [NetworkClient.java:775] [Consumer clientId=consumer-forum-consumer-group-1, groupId=forum-consumer-group] Connection to node -1 (localhost/127.0.0.1:9092) could not be established. Broker may not be available.
2023-04-12 22:33:27,233 WARN [org.springframework.kafka.KafkaListenerEndpointContainer#0-0-C-1] org.apache.kafka.clients.NetworkClient [NetworkClient.java:1063] [Consumer clientId=consumer-forum-consumer-group-1, groupId=forum-consumer-group] Bootstrap broker localhost:9092 (id: -1 rack: null) disconnected
2023-04-12 22:33:27,264 WARN [kafka-producer-network-thread | producer-1] org.apache.kafka.clients.NetworkClient [NetworkClient.java:775] [Producer clientId=producer-1] Connection to node -1 (localhost/127.0.0.1:9092) could not be established. Broker may not be available.
2023-04-12 22:33:27,264 WARN [kafka-producer-network-thread | producer-1] org.apache.kafka.clients.NetworkClient [NetworkClient.java:1063] [Producer clientId=producer-1] Bootstrap broker localhost:9092 (id: -1 rack: null) disconnected
2023-04-12 22:33:29,445 WARN [org.springframework.kafka.KafkaListenerEndpointContainer#0-0-C-1] org.apache.kafka.clients.NetworkClient [NetworkClient.java:775] [Consumer clientId=consumer-forum-consumer-group-1, groupId=forum-consumer-group] Connection to node -1 (localhost/127.0.0.1:9092) could not be established. Broker may not be available.
2023-04-12 22:33:29,445 WARN [org.springframework.kafka.KafkaListenerEndpointContainer#0-0-C-1] org.apache.kafka.clients.NetworkClient [NetworkClient.java:1063] [Consumer clientId=consumer-forum-consumer-group-1, groupId=forum-consumer-group] Bootstrap broker localhost:9092 (id: -1 rack: null) disconnected
2023-04-12 22:33:29,491 WARN [kafka-producer-network-thread | producer-1] org.apache.kafka.clients.NetworkClient [NetworkClient.java:775] [Producer clientId=producer-1] Connection to node -1 (localhost/127.0.0.1:9092) could not be established. Broker may not be available.
2023-04-12 22:33:29,492 WARN [kafka-producer-network-thread | producer-1] org.apache.kafka.clients.NetworkClient [NetworkClient.java:1063] [Producer clientId=producer-1] Bootstrap broker localhost:9092 (id: -1 rack: null) disconnected
2023-04-12 22:33:31,646 WARN [org.springframework.kafka.KafkaListenerEndpointContainer#0-0-C-1] org.apache.kafka.clients.NetworkClient [NetworkClient.java:775] [Consumer clientId=consumer-forum-consumer-group-1, groupId=forum-consumer-group] Connection to node -1 (localhost/127.0.0.1:9092) could not be established. Broker may not be available.
2023-04-12 22:33:31,646 WARN [org.springframework.kafka.KafkaListenerEndpointContainer#0-0-C-1] org.apache.kafka.clients.NetworkClient [NetworkClient.java:1063] [Consumer clientId=consumer-forum-consumer-group-1, groupId=forum-consumer-group] Bootstrap broker localhost:9092 (id: -1 rack: null) disconnected
2023-04-12 22:33:31,756 WARN [kafka-producer-network-thread | producer-1] org.apache.kafka.clients.NetworkClient [NetworkClient.java:775] [Producer clientId=producer-1] Connection to node -1 (localhost/127.0.0.1:9092) could not be established. Broker may not be available.
2023-04-12 22:33:31,757 WARN [kafka-producer-network-thread | producer-1] org.apache.kafka.clients.NetworkClient [NetworkClient.java:1063] [Producer clientId=producer-1] Bootstrap broker localhost:9092 (id: -1 rack: null) disconnected
2023-04-12 22:33:34,158 WARN [org.springframework.kafka.KafkaListenerEndpointContainer#0-0-C-1] org.apache.kafka.clients.NetworkClient [NetworkClient.java:775] [Consumer clientId=consumer-forum-consumer-group-1, groupId=forum-consumer-group] Connection to node -1 (localhost/127.0.0.1:9092) could not be established. Broker may not be available.
2023-04-12 22:33:34,158 WARN [org.springframework.kafka.KafkaListenerEndpointContainer#0-0-C-1] org.apache.kafka.clients.NetworkClient [NetworkClient.java:1063] [Consumer clientId=consumer-forum-consumer-group-1, groupId=forum-consumer-group] Bootstrap broker localhost:9092 (id: -1 rack: null) disconnected
2023-04-12 22:33:34,252 WARN [kafka-producer-network-thread | producer-1] org.apache.kafka.clients.NetworkClient [NetworkClient.java:775] [Producer clientId=producer-1] Connection to node -1 (localhost/127.0.0.1:9092) could not be established. Broker may not be available.
2023-04-12 22:33:34,252 WARN [kafka-producer-network-thread | producer-1] org.apache.kafka.clients.NetworkClient [NetworkClient.java:1063] [Producer clientId=producer-1] Bootstrap broker localhost:9092 (id: -1 rack: null) disconnected
2023-04-12 22:33:36,992 WARN [kafka-producer-network-thread | producer-1] org.apache.kafka.clients.NetworkClient [NetworkClient.java:775] [Producer clientId=producer-1] Connection to node -1 (localhost/127.0.0.1:9092) could not be established. Broker may not be available.
2023-04-12 22:33:36,992 WARN [kafka-producer-network-thread | producer-1] org.apache.kafka.clients.NetworkClient [NetworkClient.java:1063] [Producer clientId=producer-1] Bootstrap broker localhost:9092 (id: -1 rack: null) disconnected
2023-04-12 22:39:34,571 WARN [org.springframework.kafka.KafkaListenerEndpointContainer#0-0-C-1] org.apache.kafka.clients.NetworkClient [NetworkClient.java:775] [Consumer clientId=consumer-test-consumer-group-1, groupId=test-consumer-group] Connection to node -1 (localhost/127.0.0.1:9092) could not be established. Broker may not be available.
2023-04-12 22:39:34,571 WARN [kafka-producer-network-thread | producer-1] org.apache.kafka.clients.NetworkClient [NetworkClient.java:775] [Producer clientId=producer-1] Connection to node -1 (localhost/127.0.0.1:9092) could not be established. Broker may not be available.
2023-04-12 22:39:34,571 WARN [kafka-producer-network-thread | producer-1] org.apache.kafka.clients.NetworkClient [NetworkClient.java:1063] [Producer clientId=producer-1] Bootstrap broker localhost:9092 (id: -1 rack: null) disconnected
2023-04-12 22:39:34,571 WARN [org.springframework.kafka.KafkaListenerEndpointContainer#0-0-C-1] org.apache.kafka.clients.NetworkClient [NetworkClient.java:1063] [Consumer clientId=consumer-test-consumer-group-1, groupId=test-consumer-group] Bootstrap broker localhost:9092 (id: -1 rack: null) disconnected
2023-04-12 22:39:36,734 WARN [kafka-producer-network-thread | producer-1] org.apache.kafka.clients.NetworkClient [NetworkClient.java:775] [Producer clientId=producer-1] Connection to node -1 (localhost/127.0.0.1:9092) could not be established. Broker may not be available.
2023-04-12 22:39:36,734 WARN [org.springframework.kafka.KafkaListenerEndpointContainer#0-0-C-1] org.apache.kafka.clients.NetworkClient [NetworkClient.java:775] [Consumer clientId=consumer-test-consumer-group-1, groupId=test-consumer-group] Connection to node -1 (localhost/127.0.0.1:9092) could not be established. Broker may not be available.
2023-04-12 22:39:36,734 WARN [kafka-producer-network-thread | producer-1] org.apache.kafka.clients.NetworkClient [NetworkClient.java:1063] [Producer clientId=producer-1] Bootstrap broker localhost:9092 (id: -1 rack: null) disconnected
2023-04-12 22:39:36,734 WARN [org.springframework.kafka.KafkaListenerEndpointContainer#0-0-C-1] org.apache.kafka.clients.NetworkClient [NetworkClient.java:1063] [Consumer clientId=consumer-test-consumer-group-1, groupId=test-consumer-group] Bootstrap broker localhost:9092 (id: -1 rack: null) disconnected
2023-04-12 22:39:38,898 WARN [kafka-producer-network-thread | producer-1] org.apache.kafka.clients.NetworkClient [NetworkClient.java:775] [Producer clientId=producer-1] Connection to node -1 (localhost/127.0.0.1:9092) could not be established. Broker may not be available.
2023-04-12 22:39:38,899 WARN [kafka-producer-network-thread | producer-1] org.apache.kafka.clients.NetworkClient [NetworkClient.java:1063] [Producer clientId=producer-1] Bootstrap broker localhost:9092 (id: -1 rack: null) disconnected
2023-04-12 22:39:38,961 WARN [org.springframework.kafka.KafkaListenerEndpointContainer#0-0-C-1] org.apache.kafka.clients.NetworkClient [NetworkClient.java:775] [Consumer clientId=consumer-test-consumer-group-1, groupId=test-consumer-group] Connection to node -1 (localhost/127.0.0.1:9092) could not be established. Broker may not be available.
2023-04-12 22:39:38,961 WARN [org.springframework.kafka.KafkaListenerEndpointContainer#0-0-C-1] org.apache.kafka.clients.NetworkClient [NetworkClient.java:1063] [Consumer clientId=consumer-test-consumer-group-1, groupId=test-consumer-group] Bootstrap broker localhost:9092 (id: -1 rack: null) disconnected
2023-04-12 22:39:41,176 WARN [org.springframework.kafka.KafkaListenerEndpointContainer#0-0-C-1] org.apache.kafka.clients.NetworkClient [NetworkClient.java:775] [Consumer clientId=consumer-test-consumer-group-1, groupId=test-consumer-group] Connection to node -1 (localhost/127.0.0.1:9092) could not be established. Broker may not be available.
2023-04-12 22:39:41,176 WARN [org.springframework.kafka.KafkaListenerEndpointContainer#0-0-C-1] org.apache.kafka.clients.NetworkClient [NetworkClient.java:1063] [Consumer clientId=consumer-test-consumer-group-1, groupId=test-consumer-group] Bootstrap broker localhost:9092 (id: -1 rack: null) disconnected
2023-04-12 22:39:41,237 WARN [kafka-producer-network-thread | producer-1] org.apache.kafka.clients.NetworkClient [NetworkClient.java:775] [Producer clientId=producer-1] Connection to node -1 (localhost/127.0.0.1:9092) could not be established. Broker may not be available.
2023-04-12 22:39:41,237 WARN [kafka-producer-network-thread | producer-1] org.apache.kafka.clients.NetworkClient [NetworkClient.java:1063] [Producer clientId=producer-1] Bootstrap broker localhost:9092 (id: -1 rack: null) disconnected
2023-04-12 22:39:43,638 WARN [org.springframework.kafka.KafkaListenerEndpointContainer#0-0-C-1] org.apache.kafka.clients.NetworkClient [NetworkClient.java:775] [Consumer clientId=consumer-test-consumer-group-1, groupId=test-consumer-group] Connection to node -1 (localhost/127.0.0.1:9092) could not be established. Broker may not be available.
2023-04-12 22:39:43,639 WARN [org.springframework.kafka.KafkaListenerEndpointContainer#0-0-C-1] org.apache.kafka.clients.NetworkClient [NetworkClient.java:1063] [Consumer clientId=consumer-test-consumer-group-1, groupId=test-consumer-group] Bootstrap broker localhost:9092 (id: -1 rack: null) disconnected
2023-04-12 22:39:43,684 WARN [kafka-producer-network-thread | producer-1] org.apache.kafka.clients.NetworkClient [NetworkClient.java:775] [Producer clientId=producer-1] Connection to node -1 (localhost/127.0.0.1:9092) could not be established. Broker may not be available.
2023-04-12 22:39:43,685 WARN [kafka-producer-network-thread | producer-1] org.apache.kafka.clients.NetworkClient [NetworkClient.java:1063] [Producer clientId=producer-1] Bootstrap broker localhost:9092 (id: -1 rack: null) disconnected
2023-04-12 22:39:46,646 WARN [kafka-producer-network-thread | producer-1] org.apache.kafka.clients.NetworkClient [NetworkClient.java:775] [Producer clientId=producer-1] Connection to node -1 (localhost/127.0.0.1:9092) could not be established. Broker may not be available.
2023-04-12 22:39:46,646 WARN [org.springframework.kafka.KafkaListenerEndpointContainer#0-0-C-1] org.apache.kafka.clients.NetworkClient [NetworkClient.java:775] [Consumer clientId=consumer-test-consumer-group-1, groupId=test-consumer-group] Connection to node -1 (localhost/127.0.0.1:9092) could not be established. Broker may not be available.
2023-04-12 22:39:46,647 WARN [kafka-producer-network-thread | producer-1] org.apache.kafka.clients.NetworkClient [NetworkClient.java:1063] [Producer clientId=producer-1] Bootstrap broker localhost:9092 (id: -1 rack: null) disconnected
2023-04-12 22:39:46,647 WARN [org.springframework.kafka.KafkaListenerEndpointContainer#0-0-C-1] org.apache.kafka.clients.NetworkClient [NetworkClient.java:1063] [Consumer clientId=consumer-test-consumer-group-1, groupId=test-consumer-group] Bootstrap broker localhost:9092 (id: -1 rack: null) disconnected
2023-04-12 22:39:49,659 WARN [kafka-producer-network-thread | producer-1] org.apache.kafka.clients.NetworkClient [NetworkClient.java:775] [Producer clientId=producer-1] Connection to node -1 (localhost/127.0.0.1:9092) could not be established. Broker may not be available.
2023-04-12 22:39:49,659 WARN [kafka-producer-network-thread | producer-1] org.apache.kafka.clients.NetworkClient [NetworkClient.java:1063] [Producer clientId=producer-1] Bootstrap broker localhost:9092 (id: -1 rack: null) disconnected
2023-04-12 22:39:49,721 WARN [org.springframework.kafka.KafkaListenerEndpointContainer#0-0-C-1] org.apache.kafka.clients.NetworkClient [NetworkClient.java:775] [Consumer clientId=consumer-test-consumer-group-1, groupId=test-consumer-group] Connection to node -1 (localhost/127.0.0.1:9092) could not be established. Broker may not be available.
2023-04-12 22:39:49,721 WARN [org.springframework.kafka.KafkaListenerEndpointContainer#0-0-C-1] org.apache.kafka.clients.NetworkClient [NetworkClient.java:1063] [Consumer clientId=consumer-test-consumer-group-1, groupId=test-consumer-group] Bootstrap broker localhost:9092 (id: -1 rack: null) disconnected
2023-04-12 22:39:52,673 WARN [org.springframework.kafka.KafkaListenerEndpointContainer#0-0-C-1] org.apache.kafka.clients.NetworkClient [NetworkClient.java:775] [Consumer clientId=consumer-test-consumer-group-1, groupId=test-consumer-group] Connection to node -1 (localhost/127.0.0.1:9092) could not be established. Broker may not be available.
2023-04-12 22:39:52,674 WARN [org.springframework.kafka.KafkaListenerEndpointContainer#0-0-C-1] org.apache.kafka.clients.NetworkClient [NetworkClient.java:1063] [Consumer clientId=consumer-test-consumer-group-1, groupId=test-consumer-group] Bootstrap broker localhost:9092 (id: -1 rack: null) disconnected
2023-04-12 22:39:52,860 WARN [kafka-producer-network-thread | producer-1] org.apache.kafka.clients.NetworkClient [NetworkClient.java:775] [Producer clientId=producer-1] Connection to node -1 (localhost/127.0.0.1:9092) could not be established. Broker may not be available.
2023-04-12 22:39:52,860 WARN [kafka-producer-network-thread | producer-1] org.apache.kafka.clients.NetworkClient [NetworkClient.java:1063] [Producer clientId=producer-1] Bootstrap broker localhost:9092 (id: -1 rack: null) disconnected
2023-04-12 22:39:55,821 WARN [org.springframework.kafka.KafkaListenerEndpointContainer#0-0-C-1] org.apache.kafka.clients.NetworkClient [NetworkClient.java:775] [Consumer clientId=consumer-test-consumer-group-1, groupId=test-consumer-group] Connection to node -1 (localhost/127.0.0.1:9092) could not be established. Broker may not be available.
2023-04-12 22:39:55,822 WARN [org.springframework.kafka.KafkaListenerEndpointContainer#0-0-C-1] org.apache.kafka.clients.NetworkClient [NetworkClient.java:1063] [Consumer clientId=consumer-test-consumer-group-1, groupId=test-consumer-group] Bootstrap broker localhost:9092 (id: -1 rack: null) disconnected
2023-04-12 22:39:56,007 WARN [kafka-producer-network-thread | producer-1] org.apache.kafka.clients.NetworkClient [NetworkClient.java:775] [Producer clientId=producer-1] Connection to node -1 (localhost/127.0.0.1:9092) could not be established. Broker may not be available.
2023-04-12 22:39:56,007 WARN [kafka-producer-network-thread | producer-1] org.apache.kafka.clients.NetworkClient [NetworkClient.java:1063] [Producer clientId=producer-1] Bootstrap broker localhost:9092 (id: -1 rack: null) disconnected
2023-04-12 22:39:56,772 WARN [org.springframework.kafka.KafkaListenerEndpointContainer#0-0-C-1] org.apache.kafka.clients.NetworkClient [NetworkClient.java:775] [Consumer clientId=consumer-test-consumer-group-1, groupId=test-consumer-group] Connection to node -1 (localhost/127.0.0.1:9092) could not be established. Broker may not be available.
2023-04-12 22:39:56,773 WARN [org.springframework.kafka.KafkaListenerEndpointContainer#0-0-C-1] org.apache.kafka.clients.NetworkClient [NetworkClient.java:1063] [Consumer clientId=consumer-test-consumer-group-1, groupId=test-consumer-group] Bootstrap broker localhost:9092 (id: -1 rack: null) disconnected
2023-04-12 22:39:56,789 WARN [kafka-producer-network-thread | producer-1] org.apache.kafka.clients.NetworkClient [NetworkClient.java:775] [Producer clientId=producer-1] Connection to node -1 (localhost/127.0.0.1:9092) could not be established. Broker may not be available.
2023-04-12 22:39:56,789 WARN [kafka-producer-network-thread | producer-1] org.apache.kafka.clients.NetworkClient [NetworkClient.java:1063] [Producer clientId=producer-1] Bootstrap broker localhost:9092 (id: -1 rack: null) disconnected
2023-04-12 22:39:58,929 WARN [kafka-producer-network-thread | producer-1] org.apache.kafka.clients.NetworkClient [NetworkClient.java:775] [Producer clientId=producer-1] Connection to node -1 (localhost/127.0.0.1:9092) could not be established. Broker may not be available.
2023-04-12 22:39:58,930 WARN [kafka-producer-network-thread | producer-1] org.apache.kafka.clients.NetworkClient [NetworkClient.java:1063] [Producer clientId=producer-1] Bootstrap broker localhost:9092 (id: -1 rack: null) disconnected
2023-04-12 22:39:59,178 WARN [kafka-producer-network-thread | producer-1] org.apache.kafka.clients.NetworkClient [NetworkClient.java:775] [Producer clientId=producer-1] Connection to node -1 (localhost/127.0.0.1:9092) could not be established. Broker may not be available.
2023-04-12 22:39:59,178 WARN [kafka-producer-network-thread | producer-1] org.apache.kafka.clients.NetworkClient [NetworkClient.java:1063] [Producer clientId=producer-1] Bootstrap broker localhost:9092 (id: -1 rack: null) disconnected
